>28S_rRNA::ADZX01000808.1:13028-14510(+)
>28S_rRNA::ADZX01000808.1:11938-12683(+)
>5S_rRNA::ADZX01000917.1:647-756(+)
>18S_rRNA::AHKK01000012.1:0-922(+)
>18S_rRNA::AHKK01000685.1:66-720(-)
>18S_rRNA::AHKK01013039.1:687-1563(+)
>18S_rRNA::AHKK01002432.1:99-994(+)
>18S_rRNA::AHKK01000893.1:54-905(+)
>18S_rRNA::AHKK01004176.1:471-1101(+)
>18S_rRNA::AHKK01000134.1:150-887(+)
>18S_rRNA::AHKK01008206.1:3-682(+)
>18S_rRNA::AHKK01004242.1:34-531(+)
>18S_rRNA::AHKK01013039.1:90-635(+)
>28S_rRNA::AHKK01008024.1:160-3887(+)
>28S_rRNA::AHKK01013039.1:3703-4705(+)
>28S_rRNA::AHKK01013039.1:2644-3676(+)
>28S_rRNA::AHKK01009477.1:49-843(-)
>5S_rRNA::AHKK01007702.1:833-949(+)
>5S_rRNA::AHKK01012651.1:4073-4189(+)
>5S_rRNA::AHKK01009370.1:608-692(-)
>5_8S_rRNA::AHKK01000012.1:1390-1542(+)
>5_8S_rRNA::AHKK01003129.1:390-490(+)
>18S_rRNA::KB223637.1:4761-5631(-)
>18S_rRNA::KB223584.1:0-847(+)
>18S_rRNA::KB223637.1:0-733(-)
>18S_rRNA::KB224625.1:1965-2842(-)
>18S_rRNA::KB223626.1:3877-4723(+)
>18S_rRNA::KB224625.1:17-779(-)
>18S_rRNA::KB223763.1:506080-506838(-)
>18S_rRNA::KB228669.1:316008-316624(-)
>18S_rRNA::KB223763.1:496147-496815(-)
>18S_rRNA::KB226905.1:10835-11758(-)
>18S_rRNA::KB228421.1:15933-16809(-)
>18S_rRNA::KB225055.1:2778-3276(+)
>18S_rRNA::KB223626.1:3342-3815(+)
>18S_rRNA::KB228669.1:319179-319694(-)
>28S_rRNA::KB223637.1:2812-4085(-)
>28S_rRNA::KB223763.1:488488-489491(-)
>28S_rRNA::KB223742.1:1959-2970(-)
>28S_rRNA::KB228421.1:11192-12200(-)
>28S_rRNA::KB226905.1:4720-6144(-)
>28S_rRNA::KB225055.1:7374-8105(+)
>28S_rRNA::KB228669.1:308005-309016(-)
>28S_rRNA::KB223584.1:3884-4730(+)
>28S_rRNA::KB223626.1:875-1936(+)
>28S_rRNA::KB228669.1:312487-313525(-)
>28S_rRNA::KB223763.1:492303-493121(-)
>28S_rRNA::KB223742.1:3032-4089(-)
>28S_rRNA::KB228669.1:309058-310109(-)
>28S_rRNA::KB223763.1:503559-504607(-)
>28S_rRNA::KB225588.1:9929-10961(-)
>28S_rRNA::KB225588.1:8489-9530(-)
>5S_rRNA::KB223602.1:3496-3608(-)
>5S_rRNA::KB226905.1:4305-4417(-)
>5S_rRNA::AMQJ01026815.1:338-453(+)
>5S_rRNA::KB223584.1:5047-5157(+)
>5S_rRNA::KB228421.1:10685-10797(-)
>5S_rRNA::KB228669.1:322407-322510(-)
>5S_rRNA::KB226594.1:40-146(+)
>5S_rRNA::KB223626.1:2819-2929(+)
>5S_rRNA::KB223742.1:1622-1709(-)
>5S_rRNA::KB228787.1:776-888(-)
>5S_rRNA::KB227929.1:490-593(+)
>5_8S_rRNA::KB223637.1:4540-4689(-)
>5_8S_rRNA::KB228669.1:315232-315331(-)
>18S_rRNA::JAHE01003074.1:0-764(-)
>18S_rRNA::JAHE01008494.1:987-1567(+)
>18S_rRNA::JAHE01081557.1:0-547(+)
>18S_rRNA::JAHE01010608.1:63-549(+)
>18S_rRNA::JAHE01027406.1:375-1224(+)
>28S_rRNA::JAHE01011443.1:279-1310(-)
>28S_rRNA::JAHE01007821.1:1-1090(-)
>5S_rRNA::JAHE01014439.1:422-535(-)
>5S_rRNA::JAHE01014438.1:298-411(-)
>5S_rRNA::JAHE01126275.1:275-386(-)
>5S_rRNA::JAHE01003607.1:941-1051(-)
>5S_rRNA::JAHE01042238.1:272-379(+)
>5S_rRNA::JAHE01159814.1:175-290(+)
>5S_rRNA::JAHE01122085.1:431-495(-)
>5S_rRNA::JAHE01013234.1:2-71(-)
>5_8S_rRNA::JAHE01011554.1:233-360(-)
>5_8S_rRNA::JAHE01005476.1:21-141(-)
>28S_rRNA::JRHI01007437.1:2368-3392(+)
>28S_rRNA::JRHI01006856.1:1-1536(-)
>28S_rRNA::JRHI01009457.1:1017-2219(+)
>28S_rRNA::JRHI01008243.1:900-1952(-)
>28S_rRNA::JRHI01011493.1:115-1161(-)
>28S_rRNA::JRHI01017315.1:110-1170(+)
>28S_rRNA::JRHI01006856.1:1594-2645(-)
>28S_rRNA::JRHI01007437.1:1153-2317(+)
>28S_rRNA::JRHI01009457.1:194-978(+)
>28S_rRNA::JRHI01013676.1:272-1032(+)
>28S_rRNA::JRHI01007252.1:6-941(-)
>5S_rRNA::JRHI01000242.1:1141-1251(+)
>5S_rRNA::JRHI01004469.1:6856-6966(-)
>5S_rRNA::JRHI01003459.1:7746-7857(+)
>5S_rRNA::JRHI01001666.1:17001-17112(-)
>5S_rRNA::JRHI01007437.1:3776-3880(+)
>5S_rRNA::JRHI01001831.1:16088-16199(-)
>5S_rRNA::JRHI01001519.1:18528-18640(-)
>5S_rRNA::JRHI01000474.1:39813-39923(+)
>5S_rRNA::JRHI01016089.1:526-636(+)
>5S_rRNA::JRHI01010769.1:1759-1853(-)
>5S_rRNA::JRHI01018831.1:751-861(-)
>5S_rRNA::JRHI01001255.1:3494-3607(+)
>5S_rRNA::JRHI01013206.1:1010-1121(-)
>5S_rRNA::JRHI01019275.1:520-623(-)
>5S_rRNA::JRHI01017857.1:924-1034(-)
>5S_rRNA::JRHI01003713.1:7569-7649(-)
>5S_rRNA::JRHI01013670.1:319-427(+)
>18S_rRNA::QGCX01000462.1:4230-6020(-)
>18S_rRNA::QGCX01014600.1:0-964(-)
>18S_rRNA::QGCX01009392.1:108-1224(-)
>18S_rRNA::QGCX01005463.1:1-941(-)
>18S_rRNA::QGCX01010677.1:2-1056(+)
>18S_rRNA::QGCX01020545.1:1-568(+)
>18S_rRNA::QGCX01002371.1:1309-2186(+)
>18S_rRNA::QGCX01000751.1:2613-3488(+)
>18S_rRNA::QGCX01005783.1:132-1011(-)
>18S_rRNA::QGCX01011658.1:52-895(-)
>18S_rRNA::QGCX01000450.1:6225-7076(-)
>18S_rRNA::QGCX01001640.1:10-881(-)
>18S_rRNA::QGCX01000007.1:5584-6462(+)
>18S_rRNA::QGCX01001150.1:981-1859(+)
>18S_rRNA::QGCX01039438.1:0-530(-)
>18S_rRNA::QGCX01000321.1:5724-6572(-)
>18S_rRNA::QGCX01000190.1:11777-12661(-)
>18S_rRNA::QGCX01000746.1:4036-4909(-)
>18S_rRNA::QGCX01000697.1:4200-5056(-)
>18S_rRNA::QGCX01027392.1:105-629(-)
>18S_rRNA::QGCX01009070.1:207-1087(-)
>18S_rRNA::QGCX01010749.1:297-1158(+)
>18S_rRNA::QGCX01024292.1:8-701(+)
>18S_rRNA::QGCX01002749.1:1131-2083(-)
>18S_rRNA::QGCX01008357.1:772-1404(-)
>18S_rRNA::QGCX01004608.1:1405-2044(-)
>18S_rRNA::QGCX01033343.1:0-568(-)
>18S_rRNA::QGCX01003640.1:1651-2387(+)
>18S_rRNA::QGCX01002445.1:53-526(+)
>18S_rRNA::QGCX01036807.1:1-479(+)
>18S_rRNA::QGCX01038671.1:6-479(+)
>18S_rRNA::QGCX01031872.1:65-588(-)
>18S_rRNA::QGCX01005783.1:1068-1554(-)
>28S_rRNA::QGCX01001438.1:113-3951(-)
>28S_rRNA::QGCX01000462.1:368-3996(-)
>28S_rRNA::QGCX01004266.1:0-1910(-)
>28S_rRNA::QGCX01006812.1:5-1488(+)
>28S_rRNA::QGCX01018254.1:101-838(-)
>28S_rRNA::QGCX01013529.1:72-912(+)
>28S_rRNA::QGCX01017088.1:144-874(+)
>28S_rRNA::QGCX01011304.1:0-869(-)
>28S_rRNA::QGCX01000746.1:568-1574(-)
>28S_rRNA::QGCX01000007.1:8742-9750(+)
>28S_rRNA::QGCX01000450.1:2706-3728(-)
>28S_rRNA::QGCX01000190.1:8641-9647(-)
>28S_rRNA::QGCX01000697.1:828-1839(-)
>28S_rRNA::QGCX01000321.1:2422-3417(-)
>28S_rRNA::QGCX01002203.1:1988-2990(+)
>28S_rRNA::QGCX01000247.1:9693-10692(-)
>28S_rRNA::QGCX01009574.1:24-1034(-)
>28S_rRNA::QGCX01005873.1:128-981(+)
>28S_rRNA::QGCX01001150.1:3073-4118(+)
>28S_rRNA::QGCX01004094.1:204-1243(-)
>28S_rRNA::QGCX01000746.1:1631-2677(-)
>28S_rRNA::QGCX01002203.1:913-1951(+)
>28S_rRNA::QGCX01003082.1:532-1269(-)
>28S_rRNA::QGCX01000321.1:3681-4409(-)
>28S_rRNA::QGCX01000751.1:4963-5995(+)
>28S_rRNA::QGCX01004331.1:456-1203(-)
>28S_rRNA::QGCX01000007.1:7617-8676(+)
>28S_rRNA::QGCX01007128.1:639-1385(-)
>28S_rRNA::QGCX01000450.1:3936-4750(-)
>28S_rRNA::QGCX01000697.1:2071-2816(-)
>28S_rRNA::QGCX01002445.1:1432-2162(+)
>5S_rRNA::QGCX01144293.1:82-196(-)
>5S_rRNA::QGCX01154589.1:83-196(-)
>5S_rRNA::QGCX01058462.1:14-125(+)
>5S_rRNA::QGCX01046353.1:121-232(-)
>5S_rRNA::QGCX01004137.1:654-760(+)
>5S_rRNA::QGCX01065173.1:101-212(+)
>5S_rRNA::QGCX01075452.1:265-375(+)
>5S_rRNA::QGCX01002090.1:345-455(+)
>5S_rRNA::QGCX01120523.1:138-249(+)
>5S_rRNA::QGCX01143442.1:94-196(-)
>5S_rRNA::QGCX01100237.1:144-253(+)
>5S_rRNA::QGCX01051580.1:121-231(+)
>5S_rRNA::QGCX01000055.1:156-266(+)
>5S_rRNA::QGCX01000190.1:8265-8375(-)
>5S_rRNA::QGCX01000007.1:9981-10092(+)
>5S_rRNA::QGCX01000017.1:10-121(+)
>5S_rRNA::QGCX01002090.1:60-171(+)
>5S_rRNA::QGCX01001388.1:644-754(+)
>5S_rRNA::QGCX01046847.1:58-167(-)
>5S_rRNA::QGCX01063681.1:190-295(+)
>5S_rRNA::QGCX01127580.1:88-188(-)
>5S_rRNA::QGCX01000052.1:30669-30777(-)
>5S_rRNA::QGCX01033377.1:218-332(-)
>5S_rRNA::QGCX01093954.1:11-119(+)
>5S_rRNA::QGCX01157544.1:10-115(-)
>5S_rRNA::QGCX01000450.1:2391-2502(-)
>5S_rRNA::QGCX01000697.1:513-622(-)
>5S_rRNA::QGCX01084444.1:269-363(-)
>5S_rRNA::QGCX01048379.1:93-200(-)
>5S_rRNA::QGCX01000018.1:1-101(+)
>5S_rRNA::QGCX01027106.1:294-397(-)
>5S_rRNA::QGCX01000247.1:9361-9469(-)
>5S_rRNA::QGCX01104896.1:135-246(-)
>5S_rRNA::QGCX01001510.1:4-98(+)
>5S_rRNA::QGCX01007247.1:933-1043(-)
>5S_rRNA::QGCX01132762.1:45-151(-)
>5S_rRNA::QGCX01098039.1:152-257(+)
>5S_rRNA::QGCX01102808.1:119-228(+)
>5S_rRNA::QGCX01006150.1:394-504(+)
>5S_rRNA::QGCX01017967.1:426-530(-)
>5S_rRNA::QGCX01010646.1:137-241(+)
>5S_rRNA::QGCX01053135.1:259-367(+)
>5S_rRNA::QGCX01012796.1:519-629(+)
>5S_rRNA::QGCX01002738.1:558-660(+)
>5S_rRNA::QGCX01099925.1:109-212(+)
>5S_rRNA::QGCX01015588.1:474-579(-)
>5S_rRNA::QGCX01092348.1:250-348(+)
>5S_rRNA::QGCX01000746.1:158-270(-)
>5S_rRNA::QGCX01000321.1:1990-2092(-)
>5_8S_rRNA::QGCX01122543.1:102-252(-)
>5_8S_rRNA::QGCX01001438.1:3794-3944(-)
>5_8S_rRNA::QGCX01029146.1:271-422(+)
>5_8S_rRNA::QGCX01000462.1:3847-3992(-)
>5_8S_rRNA::QGCX01026180.1:1-152(+)
>5_8S_rRNA::QGCX01035698.1:41-151(+)
>5_8S_rRNA::QGCX01149825.1:142-241(+)
>18S_rRNA::QGCY01003569.1:350-1770(+)
>18S_rRNA::QGCY01010586.1:0-884(+)
>18S_rRNA::QGCY01020237.1:1-817(+)
>18S_rRNA::QGCY01010669.1:0-490(+)
>18S_rRNA::QGCY01001547.1:205-1080(+)
>18S_rRNA::QGCY01000682.1:2208-3060(-)
>18S_rRNA::QGCY01000053.1:26915-27772(+)
>18S_rRNA::QGCY01000789.1:2505-3379(-)
>18S_rRNA::QGCY01000585.1:2491-3369(-)
>18S_rRNA::QGCY01001271.1:300-1178(-)
>18S_rRNA::QGCY01000417.1:1174-2023(+)
>18S_rRNA::QGCY01005990.1:231-1093(-)
>18S_rRNA::QGCY01014028.1:11-845(+)
>18S_rRNA::QGCY01025638.1:4-731(-)
>18S_rRNA::QGCY01007330.1:563-1296(-)
>18S_rRNA::QGCY01018715.1:127-848(-)
>18S_rRNA::QGCY01043530.1:6-534(+)
>18S_rRNA::QGCY01045654.1:53-544(-)
>18S_rRNA::QGCY01051291.1:45-529(-)
>18S_rRNA::QGCY01015922.1:129-915(+)
>18S_rRNA::QGCY01001224.1:2333-2901(-)
>18S_rRNA::QGCY01007883.1:643-1181(+)
>28S_rRNA::QGCY01003521.1:0-1794(+)
>28S_rRNA::QGCY01011384.1:0-1066(-)
>28S_rRNA::QGCY01013922.1:113-972(+)
>28S_rRNA::QGCY01009480.1:127-968(-)
>28S_rRNA::QGCY01009142.1:62-1070(+)
>28S_rRNA::QGCY01001530.1:1179-2201(-)
>28S_rRNA::QGCY01000053.1:29991-31013(+)
>28S_rRNA::QGCY01000260.1:7925-8813(-)
>28S_rRNA::QGCY01000601.1:1293-2302(+)
>28S_rRNA::QGCY01000709.1:1952-2955(+)
>28S_rRNA::QGCY01000417.1:4232-5227(+)
>28S_rRNA::QGCY01004984.1:655-1543(-)
>28S_rRNA::QGCY01000709.1:835-1913(+)
>28S_rRNA::QGCY01001239.1:1078-2123(+)
>28S_rRNA::QGCY01000601.1:194-1243(+)
>28S_rRNA::QGCY01000417.1:3216-3949(+)
>28S_rRNA::QGCY01012408.1:291-1023(-)
>28S_rRNA::QGCY01004717.1:279-1312(-)
>28S_rRNA::QGCY01000585.1:277-1336(-)
>28S_rRNA::QGCY01008154.1:427-1164(-)
>28S_rRNA::QGCY01001224.1:521-1252(-)
>28S_rRNA::QGCY01004363.1:167-914(-)
>28S_rRNA::QGCY01015728.1:27-775(+)
>28S_rRNA::QGCY01000053.1:29023-29768(+)
>5S_rRNA::QGCY01000709.1:3249-3360(+)
>5S_rRNA::QGCY01208638.1:107-217(-)
>5S_rRNA::QGCY01005474.1:858-969(-)
>5S_rRNA::QGCY01188916.1:69-180(-)
>5S_rRNA::QGCY01055348.1:130-240(-)
>5S_rRNA::QGCY01030800.1:286-394(-)
>5S_rRNA::QGCY01149689.1:90-200(-)
>5S_rRNA::QGCY01000601.1:2672-2773(+)
>5S_rRNA::QGCY01232026.1:172-282(+)
>5S_rRNA::QGCY01104541.1:182-291(-)
>5S_rRNA::QGCY01001530.1:853-963(-)
>5S_rRNA::QGCY01071733.1:318-428(-)
>5S_rRNA::QGCY01008052.1:1111-1222(+)
>5S_rRNA::QGCY01015314.1:517-628(+)
>5S_rRNA::QGCY01182363.1:158-269(+)
>5S_rRNA::QGCY01038531.1:193-301(-)
>5S_rRNA::QGCY01187634.1:24-133(-)
>5S_rRNA::QGCY01141146.1:157-265(+)
>5S_rRNA::QGCY01222070.1:52-160(-)
>5S_rRNA::QGCY01190559.1:47-156(-)
>5S_rRNA::QGCY01201047.1:81-192(+)
>5S_rRNA::QGCY01048852.1:313-415(-)
>5S_rRNA::QGCY01083196.1:123-223(+)
>5S_rRNA::QGCY01000053.1:31204-31312(+)
>5S_rRNA::QGCY01149545.1:261-337(+)
>5S_rRNA::QGCY01055190.1:283-393(-)
>5S_rRNA::QGCY01004984.1:280-387(-)
>5S_rRNA::QGCY01106952.1:54-162(+)
>5S_rRNA::QGCY01000417.1:5446-5550(+)
>5S_rRNA::QGCY01098417.1:174-281(-)
>5S_rRNA::QGCY01126657.1:204-314(-)
>5S_rRNA::QGCY01150211.1:115-225(-)
>5S_rRNA::QGCY01229389.1:58-168(-)
>5S_rRNA::QGCY01012854.1:191-300(+)
>5S_rRNA::QGCY01110096.1:193-284(-)
>5S_rRNA::QGCY01143443.1:119-222(+)
>5S_rRNA::QGCY01000260.1:7570-7680(-)
>5S_rRNA::QGCY01002196.1:1649-1755(-)
>5S_rRNA::QGCY01029909.1:163-267(-)
>5S_rRNA::QGCY01121195.1:175-278(+)
>5S_rRNA::QGCY01022589.1:93-195(+)
>5S_rRNA::QGCY01156518.1:147-252(+)
>5S_rRNA::QGCY01164773.1:159-262(+)
>5S_rRNA::QGCY01025810.1:634-726(+)
>5S_rRNA::QGCY01015507.1:607-709(+)
>5S_rRNA::QGCY01037986.1:13-91(-)
>5S_rRNA::QGCY01215470.1:110-212(+)
>5S_rRNA::QGCY01121427.1:137-238(-)
>5_8S_rRNA::QGCY01192978.1:118-268(-)
>5_8S_rRNA::QGCY01009142.1:65-217(+)
>5_8S_rRNA::QGCY01055475.1:228-379(+)
>5_8S_rRNA::QGCY01010669.1:770-920(+)
>18S_rRNA::QGCW01000118.1:685-2494(+)
>18S_rRNA::QGCW01000633.1:0-1270(+)
>18S_rRNA::QGCW01013081.1:18-550(-)
>18S_rRNA::QGCW01011885.1:0-490(+)
>18S_rRNA::QGCW01000004.1:89086-89981(-)
>18S_rRNA::QGCW01000294.1:1116-1993(-)
>18S_rRNA::QGCW01000198.1:2283-3155(-)
>18S_rRNA::QGCW01000097.1:1076-1945(+)
>18S_rRNA::QGCW01000805.1:902-1766(+)
>18S_rRNA::QGCW01000284.1:2717-3441(-)
>18S_rRNA::QGCW01004581.1:13-665(+)
>18S_rRNA::QGCW01005566.1:27-530(+)
>18S_rRNA::QGCW01013720.1:0-551(-)
>18S_rRNA::QGCW01001079.1:1229-1698(-)
>28S_rRNA::QGCW01000118.1:2655-5330(+)
>28S_rRNA::QGCW01000993.1:166-1776(+)
>28S_rRNA::QGCW01000816.1:77-1446(+)
>28S_rRNA::QGCW01001629.1:414-1354(-)
>28S_rRNA::QGCW01000097.1:4304-5309(+)
>28S_rRNA::QGCW01000004.1:85743-86752(-)
>28S_rRNA::QGCW01001010.1:1-951(+)
>28S_rRNA::QGCW01000097.1:3210-4252(+)
>28S_rRNA::QGCW01000284.1:278-1332(-)
>28S_rRNA::QGCW01000004.1:86803-87849(-)
>28S_rRNA::QGCW01000198.1:301-1330(-)
>28S_rRNA::QGCW01000796.1:429-1252(-)
>5S_rRNA::QGCW01097578.1:67-180(+)
>5S_rRNA::QGCW01069543.1:130-240(+)
>5S_rRNA::QGCW01000004.1:85413-85523(-)
>5S_rRNA::QGCW01011280.1:102-221(-)
>5S_rRNA::QGCW01095686.1:37-147(-)
>5S_rRNA::QGCW01001373.1:1072-1182(-)
>5S_rRNA::QGCW01022818.1:108-219(+)
>5S_rRNA::QGCW01000090.1:5274-5384(-)
>5S_rRNA::QGCW01026213.1:105-216(-)
>5S_rRNA::QGCW01003775.1:425-535(+)
>5S_rRNA::QGCW01049021.1:162-268(+)
>5S_rRNA::QGCW01001629.1:107-216(-)
>5S_rRNA::QGCW01012913.1:207-313(-)
>5S_rRNA::QGCW01000097.1:5538-5641(+)
>5S_rRNA::QGCW01013507.1:53-157(+)
>5S_rRNA::QGCW01026674.1:265-368(+)
>5S_rRNA::QGCW01050460.1:263-345(-)
>5S_rRNA::QGCW01034295.1:142-248(+)
>5_8S_rRNA::QGCW01000633.1:1624-1776(+)
>5_8S_rRNA::QGCW01028760.1:22-173(-)
>5_8S_rRNA::QGCW01000118.1:2661-2814(+)
>18S_rRNA::QGCV01000001.1:401-2216(+)
>18S_rRNA::QGCV01000753.1:3-551(+)
>18S_rRNA::QGCV01001447.1:1-525(+)
>18S_rRNA::QGCV01000135.1:97-967(-)
>18S_rRNA::QGCV01000243.1:41-810(+)
>18S_rRNA::QGCV01000079.1:395-1155(-)
>18S_rRNA::QGCV01000323.1:0-711(+)
>18S_rRNA::QGCV01000228.1:12-617(-)
>18S_rRNA::QGCV01002064.1:3-477(+)
>28S_rRNA::QGCV01000001.1:2390-6551(+)
>28S_rRNA::QGCV01000115.1:1-1001(-)
>28S_rRNA::QGCV01000145.1:2-952(+)
>28S_rRNA::QGCV01000252.1:2-801(+)
>28S_rRNA::QGCV01000041.1:223-1245(-)
>28S_rRNA::QGCV01000051.1:24-762(-)
>28S_rRNA::QGCV01000097.1:169-905(+)
>28S_rRNA::QGCV01000191.1:97-834(+)
>5S_rRNA::QGCV01015393.1:142-257(+)
>5S_rRNA::QGCV01006111.1:137-250(-)
>5S_rRNA::QGCV01003510.1:309-423(-)
>5S_rRNA::QGCV01021324.1:152-262(-)
>5S_rRNA::QGCV01002445.1:139-251(+)
>5S_rRNA::QGCV01017082.1:104-206(-)
>5S_rRNA::QGCV01018226.1:165-276(+)
>5S_rRNA::QGCV01002470.1:118-228(-)
>5S_rRNA::QGCV01022012.1:102-212(+)
>5S_rRNA::QGCV01021488.1:95-201(+)
>5_8S_rRNA::QGCV01000187.1:611-762(-)
>5_8S_rRNA::QGCV01000001.1:2396-2549(+)
>5_8S_rRNA::QGCV01001206.1:193-337(-)
>18S_rRNA::QGCZ01000003.1:1112-2927(+)
>18S_rRNA::QGCZ01000031.1:1579-3067(+)
>18S_rRNA::QGCZ01000173.1:793-1576(-)
>18S_rRNA::QGCZ01002894.1:0-691(-)
>18S_rRNA::QGCZ01002011.1:68-712(+)
>18S_rRNA::QGCZ01000567.1:84-739(-)
>18S_rRNA::QGCZ01008474.1:3-500(-)
>18S_rRNA::QGCZ01002537.1:207-718(+)
>18S_rRNA::QGCZ01000009.1:704-1575(+)
>18S_rRNA::QGCZ01000163.1:234-1109(+)
>18S_rRNA::QGCZ01000373.1:527-1179(-)
>18S_rRNA::QGCZ01007213.1:26-517(+)
>18S_rRNA::QGCZ01000370.1:187-751(+)
>28S_rRNA::QGCZ01000011.1:886-4578(-)
>28S_rRNA::QGCZ01000003.1:3088-7253(+)
>28S_rRNA::QGCZ01000314.1:9-1315(+)
>28S_rRNA::QGCZ01000491.1:4-1146(-)
>28S_rRNA::QGCZ01000898.1:131-955(-)
>28S_rRNA::QGCZ01000588.1:15-1024(-)
>28S_rRNA::QGCZ01000065.1:615-1624(-)
>28S_rRNA::QGCZ01000079.1:214-1218(-)
>28S_rRNA::QGCZ01000009.1:3561-4568(+)
>28S_rRNA::QGCZ01001437.1:38-851(+)
>28S_rRNA::QGCZ01000257.1:61-798(-)
>28S_rRNA::QGCZ01000554.1:13-1080(+)
>28S_rRNA::QGCZ01000215.1:341-1384(+)
>28S_rRNA::QGCZ01000674.1:196-931(-)
>28S_rRNA::QGCZ01000079.1:1283-2013(-)
>5S_rRNA::QGCZ01001953.1:663-776(+)
>5S_rRNA::QGCZ01000010.1:4606-4719(-)
>5S_rRNA::QGCZ01008793.1:198-310(+)
>5S_rRNA::QGCZ01059808.1:102-217(-)
>5S_rRNA::QGCZ01004144.1:272-386(+)
>5S_rRNA::QGCZ01034374.1:101-216(+)
>5S_rRNA::QGCZ01002364.1:458-570(-)
>5S_rRNA::QGCZ01008516.1:277-388(+)
>5S_rRNA::QGCZ01000383.1:551-662(+)
>5S_rRNA::QGCZ01053080.1:58-169(-)
>5S_rRNA::QGCZ01026851.1:26-136(+)
>5S_rRNA::QGCZ01051086.1:51-162(+)
>5S_rRNA::QGCZ01007813.1:435-517(+)
>5S_rRNA::QGCZ01014055.1:227-298(+)
>5S_rRNA::QGCZ01000065.1:104-215(-)
>5_8S_rRNA::QGCZ01023662.1:82-235(+)
>5_8S_rRNA::QGCZ01013999.1:223-374(+)
>5_8S_rRNA::QGCZ01000898.1:800-951(-)
>5_8S_rRNA::QGCZ01029391.1:120-270(+)
>5_8S_rRNA::QGCZ01033326.1:1-151(+)
>5_8S_rRNA::QGCZ01000173.1:266-417(-)
>5_8S_rRNA::QGCZ01023828.1:4-159(-)
>5_8S_rRNA::QGCZ01000003.1:3094-3247(+)
>5_8S_rRNA::QGCZ01001552.1:245-405(-)
>5_8S_rRNA::QGCZ01000588.1:872-1016(-)
>5_8S_rRNA::QGCZ01002010.1:290-408(-)
>18S_rRNA::FXBE01000235.1:2458-4318(+)
>18S_rRNA::FXBE01009861.1:603-1509(+)
>18S_rRNA::FXBE01002294.1:772-1648(-)
>18S_rRNA::FXBE01001576.1:1372-2250(+)
>18S_rRNA::FXBE01007611.1:37-888(-)
>18S_rRNA::FXBE01043818.1:0-771(+)
>18S_rRNA::FXBE01015206.1:697-1275(+)
>18S_rRNA::FXBE01064121.1:74-587(-)
>18S_rRNA::FXBE01132035.1:3-473(-)
>18S_rRNA::FXBE01007611.1:942-1486(-)
>28S_rRNA::FXBE01000235.1:4621-8868(+)
>28S_rRNA::FXBE01005679.1:684-1706(-)
>28S_rRNA::FXBE01000125.1:9924-10944(-)
>28S_rRNA::FXBE01003453.1:0-886(+)
>28S_rRNA::FXBE01002541.1:1332-3098(+)
>28S_rRNA::FXBE01036364.1:2-842(-)
>28S_rRNA::FXBE01003699.1:20-858(-)
>28S_rRNA::FXBE01008648.1:3-860(+)
>28S_rRNA::FXBE01010893.1:20-851(-)
>28S_rRNA::FXBE01003896.1:227-1290(-)
>28S_rRNA::FXBE01002541.1:216-1271(+)
>28S_rRNA::FXBE01024036.1:116-894(-)
>28S_rRNA::FXBE01005418.1:235-1285(-)
>28S_rRNA::FXBE01006394.1:396-1439(-)
>28S_rRNA::FXBE01008171.1:466-1520(+)
>28S_rRNA::FXBE01000125.1:10952-12012(-)
>28S_rRNA::FXBE01001576.1:3209-4276(+)
>28S_rRNA::FXBE01011366.1:215-1258(+)
>28S_rRNA::FXBE01003699.1:1180-1941(-)
>28S_rRNA::FXBE01026724.1:193-943(-)
>28S_rRNA::FXBE01008994.1:649-1391(-)
>28S_rRNA::FXBE01029968.1:92-827(+)
>5S_rRNA::FXBE01000235.1:9538-9651(+)
>5S_rRNA::FXBE01003476.1:1-104(+)
>5S_rRNA::FXBE01040811.1:586-700(+)
>5S_rRNA::FXBE01100988.1:158-272(-)
>5S_rRNA::FXBE01363412.1:62-173(-)
>5S_rRNA::FXBE01342113.1:123-234(-)
>5S_rRNA::FXBE01004913.1:575-687(+)
>5S_rRNA::FXBE01000125.1:9560-9671(-)
>5S_rRNA::FXBE01002541.1:3262-3374(+)
>5S_rRNA::FXBE01005679.1:106-217(-)
>5S_rRNA::FXBE01196938.1:0-106(+)
>5S_rRNA::FXBE01008648.1:1077-1183(+)
>5S_rRNA::FXBE01006247.1:228-342(+)
>5S_rRNA::FXBE01006247.1:691-805(+)
>5S_rRNA::FXBE01006247.1:1797-1911(+)
>5S_rRNA::FXBE01095251.1:91-198(-)
>5S_rRNA::FXBE01352985.1:92-207(+)
>5S_rRNA::FXBE01010948.1:621-732(+)
>5S_rRNA::FXBE01010473.1:323-433(+)
>5S_rRNA::FXBE01058889.1:142-246(-)
>5S_rRNA::FXBE01017191.1:1029-1135(+)
>5S_rRNA::FXBE01023654.1:908-1014(+)
>5S_rRNA::FXBE01147063.1:117-225(+)
>5S_rRNA::FXBE01003453.1:1044-1149(+)
>5S_rRNA::FXBE01057610.1:230-341(-)
>5S_rRNA::FXBE01207525.1:318-398(-)
>5_8S_rRNA::FXBE01000235.1:4626-4778(+)
>5_8S_rRNA::FXBE01314324.1:7-133(-)
>5_8S_rRNA::FXBE01272831.1:220-349(-)
>18S_rRNA::FXBF010003873.1:2123-3001(+)
>18S_rRNA::FXBF010018728.1:86-1585(+)
>18S_rRNA::FXBF010003009.1:2479-3352(-)
>18S_rRNA::FXBF010072914.1:4-830(+)
>18S_rRNA::FXBF010076759.1:62-869(-)
>18S_rRNA::FXBF010001419.1:6655-7530(-)
>18S_rRNA::FXBF010003924.1:3030-3897(-)
>18S_rRNA::FXBF010031477.1:4-783(+)
>18S_rRNA::FXBF010026721.1:582-1408(-)
>18S_rRNA::FXBF010183962.1:0-572(-)
>18S_rRNA::FXBF010147865.1:1-625(+)
>18S_rRNA::FXBF010141209.1:16-642(-)
>18S_rRNA::FXBF010030073.1:836-1476(-)
>18S_rRNA::FXBF010139981.1:17-645(-)
>18S_rRNA::FXBF010057607.1:4-594(-)
>18S_rRNA::FXBF010151042.1:3-607(+)
>18S_rRNA::FXBF010050267.1:447-1084(-)
>18S_rRNA::FXBF010231272.1:2-508(+)
>18S_rRNA::FXBF010011907.1:3-606(+)
>18S_rRNA::FXBF010106992.1:71-733(+)
>18S_rRNA::FXBF010003104.1:5-605(+)
>18S_rRNA::FXBF010009713.1:5-605(+)
>18S_rRNA::FXBF010237445.1:1-502(+)
>18S_rRNA::FXBF010114338.1:166-693(+)
>18S_rRNA::FXBF010053740.1:5-480(+)
>18S_rRNA::FXBF010263174.1:2-472(+)
>18S_rRNA::FXBF010026726.1:4-476(+)
>18S_rRNA::FXBF010263203.1:16-487(-)
>18S_rRNA::FXBF010003873.1:1537-2078(+)
>18S_rRNA::FXBF010003009.1:3404-3946(-)
>18S_rRNA::FXBF010063157.1:118-666(-)
>28S_rRNA::FXBF010006780.1:939-1940(-)
>28S_rRNA::FXBF010063494.1:114-954(+)
>28S_rRNA::FXBF010000326.1:163-1172(+)
>28S_rRNA::FXBF010070747.1:0-810(+)
>28S_rRNA::FXBF010003873.1:3792-4977(+)
>28S_rRNA::FXBF010051858.1:2-890(+)
>28S_rRNA::FXBF010011574.1:817-1838(-)
>28S_rRNA::FXBF010003188.1:1208-2207(+)
>28S_rRNA::FXBF010003009.1:187-1395(-)
>28S_rRNA::FXBF010038204.1:1-881(+)
>28S_rRNA::FXBF010038513.1:424-1271(+)
>28S_rRNA::FXBF010006780.1:1966-3166(-)
>28S_rRNA::FXBF010071641.1:8-899(-)
>28S_rRNA::FXBF010022575.1:49-896(+)
>28S_rRNA::FXBF010029321.1:684-1504(+)
>28S_rRNA::FXBF010095143.1:9-774(-)
>28S_rRNA::FXBF010003104.1:4268-5088(+)
>28S_rRNA::FXBF010012316.1:838-1566(+)
>28S_rRNA::FXBF010025899.1:225-966(-)
>28S_rRNA::FXBF010011171.1:605-1658(-)
>28S_rRNA::FXBF010037640.1:146-1295(-)
>28S_rRNA::FXBF010003924.1:240-1291(-)
>28S_rRNA::FXBF010009713.1:1571-2699(+)
>28S_rRNA::FXBF010003104.1:1571-2696(+)
>28S_rRNA::FXBF010004914.1:1903-2949(-)
>28S_rRNA::FXBF010031001.1:537-1274(+)
>28S_rRNA::FXBF010033374.1:457-1392(+)
>28S_rRNA::FXBF010060497.1:138-888(+)
>28S_rRNA::FXBF010010528.1:1331-2079(+)
>28S_rRNA::FXBF010049882.1:219-957(-)
>28S_rRNA::FXBF010019735.1:603-1344(+)
>28S_rRNA::FXBF010010255.1:145-1054(-)
>28S_rRNA::FXBF010061713.1:111-853(+)
>28S_rRNA::FXBF010027877.1:251-999(+)
>28S_rRNA::FXBF010011907.1:1579-2334(+)
>28S_rRNA::FXBF010070512.1:137-877(-)
>28S_rRNA::FXBF010029549.1:231-963(-)
>28S_rRNA::FXBF010036917.1:3-1311(+)
>28S_rRNA::FXBF010003188.1:374-1171(+)
>28S_rRNA::FXBF010029978.1:1-1474(-)
>5S_rRNA::FXBF010000018.1:38181-38291(-)
>5S_rRNA::FXBF010062165.1:858-970(+)
>5S_rRNA::FXBF010210611.1:3-115(-)
>5S_rRNA::FXBF011094206.1:180-290(+)
>5S_rRNA::FXBF010011037.1:1885-1996(+)
>5S_rRNA::FXBF010728283.1:15-125(-)
>5S_rRNA::FXBF010243821.1:358-469(-)
>5S_rRNA::FXBF010173111.1:163-276(+)
>5S_rRNA::FXBF010806157.1:150-261(+)
>5S_rRNA::FXBF010951695.1:91-205(-)
>5S_rRNA::FXBF010433648.1:207-324(+)
>5S_rRNA::FXBF010008663.1:2599-2709(-)
>5S_rRNA::FXBF010021306.1:859-969(+)
>5S_rRNA::FXBF010098459.1:182-293(+)
>5S_rRNA::FXBF010020400.1:649-760(+)
>5S_rRNA::FXBF010000961.1:852-963(+)
>5S_rRNA::FXBF010948422.1:168-281(-)
>5S_rRNA::FXBF010087801.1:369-480(-)
>5S_rRNA::FXBF010184639.1:43-151(+)
>5S_rRNA::FXBF010003104.1:5293-5403(+)
>5S_rRNA::FXBF010003940.1:235-345(+)
>5S_rRNA::FXBF010446304.1:184-295(-)
>5S_rRNA::FXBF010030180.1:857-968(-)
>5S_rRNA::FXBF010022575.1:1098-1209(+)
>5S_rRNA::FXBF010301342.1:1-104(+)
>5S_rRNA::FXBF010214026.1:210-321(+)
>5S_rRNA::FXBF010021348.1:912-1028(-)
>5S_rRNA::FXBF010017999.1:1160-1270(-)
>5S_rRNA::FXBF010624232.1:162-270(+)
>5S_rRNA::FXBF010025873.1:1385-1496(-)
>5S_rRNA::FXBF010000326.1:1473-1583(+)
>5S_rRNA::FXBF010022469.1:873-984(+)
>5S_rRNA::FXBF010255935.1:250-355(-)
>5S_rRNA::FXBF010442091.1:70-181(-)
>5S_rRNA::FXBF010582154.1:259-368(+)
>5S_rRNA::FXBF010810966.1:104-214(-)
>5S_rRNA::FXBF011084378.1:146-257(+)
>5S_rRNA::FXBF010044054.1:469-582(+)
>5S_rRNA::FXBF010002382.1:611-722(+)
>5S_rRNA::FXBF010151455.1:268-378(+)
>5S_rRNA::FXBF010460865.1:286-396(+)
>5S_rRNA::FXBF010003188.1:2469-2569(+)
>5S_rRNA::FXBF010762692.1:105-216(+)
>5S_rRNA::FXBF010058651.1:782-892(+)
>5S_rRNA::FXBF010000571.1:372-481(+)
>5S_rRNA::FXBF010516149.1:30-127(+)
>5S_rRNA::FXBF010201739.1:290-386(+)
>5S_rRNA::FXBF010183796.1:284-396(+)
>5S_rRNA::FXBF010217829.1:3-101(-)
>5S_rRNA::FXBF010687433.1:123-233(-)
>5S_rRNA::FXBF010216685.1:184-294(-)
>5S_rRNA::FXBF010414849.1:325-408(-)
>5S_rRNA::FXBF010341071.1:58-169(-)
>5S_rRNA::FXBF010791675.1:19-127(+)
>5S_rRNA::FXBF010069261.1:420-532(+)
>5S_rRNA::FXBF010029571.1:1401-1496(+)
>5S_rRNA::FXBF010103616.1:444-553(+)
>5S_rRNA::FXBF010351986.1:115-212(-)
>5S_rRNA::FXBF010007335.1:3-93(+)
>5S_rRNA::FXBF010062880.1:164-275(+)
>5S_rRNA::FXBF010587955.1:4-102(+)
>5S_rRNA::FXBF010011574.1:472-582(-)
>5S_rRNA::FXBF010838094.1:235-310(+)
>5S_rRNA::FXBF010815066.1:213-320(-)
>5S_rRNA::FXBF010351819.1:3-76(-)
>5S_rRNA::FXBF010549138.1:35-145(+)
>5S_rRNA::FXBF010009568.1:514-624(+)
>5S_rRNA::FXBF010221615.1:2-99(-)
>5S_rRNA::FXBF010228687.1:395-506(+)
>5S_rRNA::FXBF010279192.1:1-82(+)
>5S_rRNA::FXBF010282873.1:191-300(-)
>5S_rRNA::FXBF010087223.1:641-753(-)
>5S_rRNA::FXBF010046704.1:629-740(+)
>5S_rRNA::FXBF010034629.1:841-951(+)
>5S_rRNA::FXBF010408683.1:204-281(+)
>18S_rRNA::OAOM01004123.1:70-600(+)
>18S_rRNA::OAOM01000005.1:4072-4952(-)
>18S_rRNA::OAOM01001747.1:2-826(+)
>18S_rRNA::OAOM01003007.1:5-480(+)
>28S_rRNA::OAOM01000005.1:814-1821(-)
>28S_rRNA::OAOM01000005.1:1884-2915(-)
>5S_rRNA::OAOM01001310.1:748-857(+)
>5S_rRNA::OAOM01000005.1:202-307(-)
>5S_rRNA::OAOM01000005.1:450-555(-)
>18S_rRNA::OAOK01000002.1:115-992(-)
>18S_rRNA::OAOK01000001.1:5-870(+)
>18S_rRNA::OAOK01000137.1:1864-2741(-)
>18S_rRNA::OAOK01000189.1:15-888(-)
>28S_rRNA::OAOK01000003.1:708-1732(-)
>28S_rRNA::OAOK01000001.1:3408-4433(+)
>28S_rRNA::OAOK01000001.1:2440-3188(+)
>5S_rRNA::OAOK01000003.1:323-432(-)
>18S_rRNA::OAON01000224.1:9-765(-)
>28S_rRNA::OAON01002964.1:1-1091(+)
>28S_rRNA::OAON01004116.1:2-769(-)
>28S_rRNA::OAON01001105.1:925-1673(-)
>5S_rRNA::OAON01010176.1:212-323(+)
>5S_rRNA::OAON01001174.1:2516-2626(-)
>5S_rRNA::OAON01002294.1:323-432(-)
>5S_rRNA::OAON01011575.1:49-158(-)
>5S_rRNA::OAON01004328.1:617-725(+)
>18S_rRNA::OAOL01000323.1:892-1772(+)
>18S_rRNA::OAOL01000572.1:357-1239(-)
>28S_rRNA::OAOL01000323.1:4023-5031(+)
>28S_rRNA::OAOL01000506.1:2044-3061(+)
>28S_rRNA::OAOL01000506.1:813-1979(+)
>28S_rRNA::OAOL01000323.1:2929-3960(+)
>5S_rRNA::OAOL01000506.1:3335-3444(+)
>5S_rRNA::OAOL01009851.1:9-117(+)
>5S_rRNA::OAOL01008723.1:8-114(-)
>5S_rRNA::OAOL01000323.1:5289-5394(+)
>18S_rRNA::OBLN01000115.1:22303-23181(+)
>18S_rRNA::OBLN01013238.1:7-882(-)
>18S_rRNA::OBLN01000009.1:6742-7637(-)
>18S_rRNA::OBLN01011137.1:1183-2061(+)
>18S_rRNA::OBLN01010266.1:473-1336(-)
>18S_rRNA::OBLN01004411.1:1303-2182(+)
>18S_rRNA::OBLN01026797.1:159-1020(+)
>18S_rRNA::OBLN01003428.1:158-1044(+)
>18S_rRNA::OBLN01018327.1:414-1284(-)
>18S_rRNA::OBLN01030847.1:1-764(+)
>18S_rRNA::OBLN01050128.1:111-717(-)
>18S_rRNA::OBLN01082079.1:2-486(-)
>18S_rRNA::OBLN01086577.1:2-479(-)
>18S_rRNA::OBLN01034338.1:453-944(-)
>18S_rRNA::OBLN01011468.1:1556-2026(-)
>18S_rRNA::OBLN01028651.1:2-474(+)
>18S_rRNA::OBLN01000115.1:21714-22246(+)
>18S_rRNA::OBLN01006494.1:422-923(-)
>18S_rRNA::OBLN01013238.1:944-1417(-)
>18S_rRNA::OBLN01001215.1:8160-8711(+)
>28S_rRNA::OBLN01000115.1:25201-26195(+)
>28S_rRNA::OBLN01016998.1:372-1378(+)
>28S_rRNA::OBLN01006091.1:1204-2208(+)
>28S_rRNA::OBLN01005939.1:1856-2871(+)
>28S_rRNA::OBLN01004399.1:701-1653(-)
>28S_rRNA::OBLN01003674.1:2912-3921(-)
>28S_rRNA::OBLN01000009.1:3535-4542(-)
>28S_rRNA::OBLN01004750.1:2139-3149(+)
>28S_rRNA::OBLN01000115.1:24021-25177(+)
>28S_rRNA::OBLN01003428.1:3141-4144(+)
>28S_rRNA::OBLN01000001.1:988-2145(+)
>28S_rRNA::OBLN01004289.1:2847-3868(-)
>28S_rRNA::OBLN01006064.1:2087-3093(+)
>28S_rRNA::OBLN01012166.1:431-1441(-)
>28S_rRNA::OBLN01005121.1:279-1354(-)
>28S_rRNA::OBLN01004106.1:3252-4101(-)
>28S_rRNA::OBLN01004750.1:1025-2089(+)
>28S_rRNA::OBLN01005939.1:771-1820(+)
>28S_rRNA::OBLN01019209.1:205-1245(-)
>28S_rRNA::OBLN01011288.1:159-1206(-)
>28S_rRNA::OBLN01006064.1:981-2034(+)
>28S_rRNA::OBLN01006091.1:0-1144(+)
>28S_rRNA::OBLN01033245.1:26-755(+)
>28S_rRNA::OBLN01006663.1:1037-1775(-)
>28S_rRNA::OBLN01003428.1:2055-3098(+)
>28S_rRNA::OBLN01004399.1:2045-2808(-)
>28S_rRNA::OBLN01024414.1:324-1069(+)
>5S_rRNA::OBLN01060876.1:124-236(-)
>5S_rRNA::OBLN01022006.1:460-572(+)
>5S_rRNA::OBLN01108572.1:295-406(+)
>5S_rRNA::OBLN01268221.1:158-269(+)
>5S_rRNA::OBLN01100189.1:31-142(-)
>5S_rRNA::OBLN01013531.1:718-829(+)
>5S_rRNA::OBLN01370380.1:62-180(+)
>5S_rRNA::OBLN01084990.1:2-114(-)
>5S_rRNA::OBLN01544268.1:4-97(+)
>5S_rRNA::OBLN01004289.1:2485-2595(-)
>5S_rRNA::OBLN01012166.1:125-231(-)
>5S_rRNA::OBLN01037487.1:777-884(+)
>5S_rRNA::OBLN01145347.1:71-182(-)
>5S_rRNA::OBLN01126808.1:184-295(+)
>5S_rRNA::OBLN01004106.1:2823-2936(-)
>5S_rRNA::OBLN01319857.1:38-145(-)
>5S_rRNA::OBLN01000115.1:26380-26497(+)
>5S_rRNA::OBLN01129432.1:134-245(-)
>5S_rRNA::OBLN01428063.1:4-107(-)
>5S_rRNA::OBLN01055547.1:248-360(-)
>5S_rRNA::OBLN01035618.1:571-681(+)
>5S_rRNA::OBLN01024566.1:516-627(+)
>5S_rRNA::OBLN01044699.1:618-728(-)
>5S_rRNA::OBLN01005939.1:3081-3193(+)
>5S_rRNA::OBLN01074696.1:156-268(+)
>5S_rRNA::OBLN01362876.1:129-239(-)
>5S_rRNA::OBLN01000001.1:3474-3591(+)
>5S_rRNA::OBLN01266039.1:119-229(+)
>5S_rRNA::OBLN01331890.1:4-100(-)
>5S_rRNA::OBLN01169982.1:106-221(-)
>5S_rRNA::OBLN01058735.1:512-622(-)
>5S_rRNA::OBLN01052036.1:399-508(-)
>5S_rRNA::OBLN01200923.1:178-288(+)
>5S_rRNA::OBLN01004399.1:383-494(-)
>5S_rRNA::OBLN01003674.1:2614-2723(-)
>5S_rRNA::OBLN01098295.1:129-240(-)
>5S_rRNA::OBLN01012722.1:1027-1138(-)
>5S_rRNA::OBLN01175624.1:43-152(-)
>5S_rRNA::OBLN01261946.1:147-258(+)
>5S_rRNA::OBLN01061479.1:135-245(-)
>5S_rRNA::OBLN01498908.1:86-199(+)
>5S_rRNA::OBLN01005121.1:7-117(-)
>5S_rRNA::OBLN01347884.1:56-164(-)
>5S_rRNA::OBLN01030879.1:767-872(+)
>5S_rRNA::OBLN01042790.1:120-231(-)
>5S_rRNA::OBLN01004750.1:3305-3415(+)
>5S_rRNA::OBLN01015193.1:740-850(+)
>5S_rRNA::OBLN01543991.1:6-113(-)
>5S_rRNA::OBLN01278369.1:39-143(+)
>5S_rRNA::OBLN01074526.1:167-274(+)
>5S_rRNA::OBLN01122699.1:150-260(-)
>5S_rRNA::OBLN01069112.1:39-150(-)
>5S_rRNA::OBLN01311143.1:127-232(+)
>5S_rRNA::OBLN01010541.1:1151-1263(+)
>5S_rRNA::OBLN01033029.1:739-848(+)
>5S_rRNA::OBLN01000009.1:3234-3342(-)
>5S_rRNA::OBLN01299669.1:161-259(-)
>5S_rRNA::OBLN01055533.1:299-406(+)
>5S_rRNA::OBLN01003428.1:4300-4406(+)
>5S_rRNA::OBLN01018584.1:816-925(-)
>5S_rRNA::OBLN01375170.1:4-90(-)
>5S_rRNA::OBLN01010119.1:1412-1525(-)
>5S_rRNA::OBLN01193427.1:209-309(+)
>5S_rRNA::OBLN01028871.1:967-1067(+)
>5S_rRNA::OBLN01447597.1:0-101(+)
>5S_rRNA::OBLN01268228.1:3-99(+)
>5S_rRNA::OBLN01025845.1:790-895(+)
>5S_rRNA::OBLN01362876.1:5-91(-)
>5S_rRNA::OBLN01451129.1:26-119(+)
>5S_rRNA::OBLN01117930.1:5-109(-)
>5S_rRNA::OBLN01053542.1:361-472(+)
>5S_rRNA::OBLN01165887.1:239-330(-)
>5S_rRNA::OBLN01207992.1:44-127(+)
>5S_rRNA::OBLN01354279.1:172-240(+)
>5S_rRNA::OBLN01268228.1:205-271(+)
>18S_rRNA::OBLY010011568.1:101-1174(+)
>18S_rRNA::OBLY010006128.1:977-1846(+)
>18S_rRNA::OBLY010003008.1:257-1134(-)
>18S_rRNA::OBLY010025702.1:8-776(+)
>18S_rRNA::OBLY010007886.1:12-896(-)
>18S_rRNA::OBLY010000002.1:70602-71457(+)
>18S_rRNA::OBLY010095472.1:35-591(+)
>18S_rRNA::OBLY010000582.1:4125-4978(-)
>18S_rRNA::OBLY010002391.1:895-1645(-)
>18S_rRNA::OBLY010035006.1:175-932(-)
>18S_rRNA::OBLY010056380.1:0-759(+)
>18S_rRNA::OBLY010029543.1:346-972(-)
>18S_rRNA::OBLY010082783.1:7-652(-)
>18S_rRNA::OBLY010041701.1:151-865(+)
>18S_rRNA::OBLY010023196.1:5-713(-)
>18S_rRNA::OBLY010071533.1:63-696(+)
>18S_rRNA::OBLY010020559.1:66-712(+)
>18S_rRNA::OBLY010098993.1:0-600(-)
>18S_rRNA::OBLY010088120.1:2-635(-)
>18S_rRNA::OBLY010167068.1:1-475(+)
>18S_rRNA::OBLY010123882.1:55-544(-)
>18S_rRNA::OBLY010098643.1:2-604(-)
>18S_rRNA::OBLY010050462.1:0-612(+)
>18S_rRNA::OBLY010174632.1:1-470(-)
>18S_rRNA::OBLY010175632.1:1-472(+)
>18S_rRNA::OBLY010162662.1:12-483(-)
>18S_rRNA::OBLY010001388.1:3615-4086(-)
>18S_rRNA::OBLY010080247.1:5-478(+)
>18S_rRNA::OBLY010162663.1:1-484(-)
>18S_rRNA::OBLY010004843.1:1756-2225(-)
>18S_rRNA::OBLY010026367.1:304-836(+)
>18S_rRNA::OBLY010029126.1:204-739(-)
>18S_rRNA::OBLY010006128.1:365-935(+)
>18S_rRNA::OBLY010000857.1:4325-4861(+)
>18S_rRNA::OBLY010003008.1:1196-1719(-)
>18S_rRNA::OBLY010007886.1:954-1482(-)
>28S_rRNA::OBLY010001771.1:259-1272(-)
>28S_rRNA::OBLY010004658.1:1195-2201(+)
>28S_rRNA::OBLY010000707.1:2222-3220(+)
>28S_rRNA::OBLY010004783.1:242-1237(-)
>28S_rRNA::OBLY010010324.1:15-1006(+)
>28S_rRNA::OBLY010007080.1:421-1403(-)
>28S_rRNA::OBLY010011243.1:352-1335(-)
>28S_rRNA::OBLY010001771.1:1308-2527(-)
>28S_rRNA::OBLY010002808.1:503-1526(-)
>28S_rRNA::OBLY010000707.1:1041-2198(+)
>28S_rRNA::OBLY010022153.1:104-1103(+)
>28S_rRNA::OBLY010001388.1:264-1258(-)
>28S_rRNA::OBLY010004658.1:124-1167(+)
>28S_rRNA::OBLY010013658.1:488-1386(-)
>28S_rRNA::OBLY010033679.1:14-835(-)
>28S_rRNA::OBLY010020236.1:338-1162(+)
>28S_rRNA::OBLY010000582.1:1033-2040(-)
>28S_rRNA::OBLY010007772.1:824-1703(+)
>28S_rRNA::OBLY010001690.1:487-1497(-)
>28S_rRNA::OBLY010003445.1:722-2326(-)
>28S_rRNA::OBLY010002481.1:1-784(-)
>28S_rRNA::OBLY010000018.1:868-1873(+)
>28S_rRNA::OBLY010004380.1:316-1792(+)
>28S_rRNA::OBLY010014895.1:76-959(-)
>28S_rRNA::OBLY010052475.1:30-793(+)
>28S_rRNA::OBLY010007436.1:995-1823(+)
>28S_rRNA::OBLY010020895.1:379-1119(-)
>28S_rRNA::OBLY010056379.1:0-751(-)
>28S_rRNA::OBLY010001388.1:1308-2366(-)
>28S_rRNA::OBLY010002511.1:1345-2394(+)
>28S_rRNA::OBLY010000582.1:2078-3137(-)
>28S_rRNA::OBLY010002481.1:849-1894(-)
>28S_rRNA::OBLY010019181.1:6-743(+)
>28S_rRNA::OBLY010004913.1:257-1296(-)
>28S_rRNA::OBLY010003772.1:1197-2272(+)
>28S_rRNA::OBLY010007251.1:753-1812(-)
>28S_rRNA::OBLY010004099.1:1567-2360(+)
>28S_rRNA::OBLY010006311.1:0-1041(-)
>28S_rRNA::OBLY010013382.1:89-854(+)
>28S_rRNA::OBLY010001690.1:1755-2536(-)
>28S_rRNA::OBLY010003902.1:100-852(-)
>28S_rRNA::OBLY010016324.1:202-1006(+)
>28S_rRNA::OBLY010026534.1:22-976(+)
>28S_rRNA::OBLY010003113.1:238-1291(-)
>28S_rRNA::OBLY010018100.1:16-977(+)
>5S_rRNA::OBLY012937942.1:51-166(+)
>5S_rRNA::OBLY010681386.1:74-188(-)
>5S_rRNA::OBLY012757642.1:43-157(-)
>5S_rRNA::OBLY012228087.1:42-154(-)
>5S_rRNA::OBLY010851774.1:154-265(-)
>5S_rRNA::OBLY010041273.1:446-556(-)
>5S_rRNA::OBLY011724307.1:5-115(-)
>5S_rRNA::OBLY010840355.1:48-158(+)
>5S_rRNA::OBLY010682025.1:103-215(-)
>5S_rRNA::OBLY010452180.1:121-233(+)
>5S_rRNA::OBLY010555338.1:140-251(+)
>5S_rRNA::OBLY012509978.1:2-105(-)
>5S_rRNA::OBLY010057621.1:513-623(+)
>5S_rRNA::OBLY013173243.1:12-123(-)
>5S_rRNA::OBLY010061153.1:1-111(-)
>5S_rRNA::OBLY010020143.1:708-819(+)
>5S_rRNA::OBLY010169000.1:107-218(+)
>5S_rRNA::OBLY010386059.1:206-317(+)
>5S_rRNA::OBLY010814643.1:193-295(+)
>5S_rRNA::OBLY013269116.1:35-146(+)
>5S_rRNA::OBLY010205356.1:82-190(+)
>5S_rRNA::OBLY010013605.1:1044-1154(+)
>5S_rRNA::OBLY010282104.1:238-355(-)
>5S_rRNA::OBLY012145894.1:35-145(-)
>5S_rRNA::OBLY012804079.1:52-163(-)
>5S_rRNA::OBLY010298579.1:141-251(+)
>5S_rRNA::OBLY010004730.1:1495-1605(-)
>5S_rRNA::OBLY012670772.1:54-164(+)
>5S_rRNA::OBLY010301542.1:161-272(-)
>5S_rRNA::OBLY010179729.1:239-345(+)
>5S_rRNA::OBLY012822825.1:31-140(+)
>5S_rRNA::OBLY010640114.1:88-199(+)
>5S_rRNA::OBLY010000707.1:3468-3584(+)
>5S_rRNA::OBLY012294401.1:42-156(-)
>5S_rRNA::OBLY010010324.1:1158-1263(+)
>5S_rRNA::OBLY011689108.1:65-176(+)
>5S_rRNA::OBLY010713694.1:167-277(-)
>5S_rRNA::OBLY010795949.1:143-261(-)
>5S_rRNA::OBLY011084251.1:80-190(-)
>5S_rRNA::OBLY010005886.1:548-660(+)
>5S_rRNA::OBLY010371824.1:134-245(-)
>5S_rRNA::OBLY010032545.1:253-363(+)
>5S_rRNA::OBLY010085688.1:88-200(+)
>5S_rRNA::OBLY010549534.1:109-220(+)
>5S_rRNA::OBLY010062752.1:171-282(-)
>5S_rRNA::OBLY011285825.1:89-200(+)
>5S_rRNA::OBLY012971417.1:85-194(+)
>5S_rRNA::OBLY010552268.1:8-119(+)
>5S_rRNA::OBLY010022008.1:239-348(-)
>5S_rRNA::OBLY011603526.1:17-127(+)
>5S_rRNA::OBLY010593646.1:135-244(+)
>5S_rRNA::OBLY010016895.1:676-787(-)
>5S_rRNA::OBLY010603523.1:232-316(+)
>5S_rRNA::OBLY013613414.1:4-107(-)
>5S_rRNA::OBLY013265217.1:107-210(+)
>5S_rRNA::OBLY010122057.1:7-109(+)
>5S_rRNA::OBLY010078129.1:437-548(+)
>5S_rRNA::OBLY010036863.1:755-873(-)
>5S_rRNA::OBLY010706216.1:95-203(-)
>5S_rRNA::OBLY010701024.1:12-127(+)
>5S_rRNA::OBLY010026769.1:782-890(+)
>5S_rRNA::OBLY010380671.1:129-238(-)
>5S_rRNA::OBLY010692827.1:110-228(-)
>5S_rRNA::OBLY013829566.1:17-120(+)
>5S_rRNA::OBLY010303634.1:169-279(+)
>5S_rRNA::OBLY010000582.1:694-798(-)
>5S_rRNA::OBLY010915535.1:98-207(+)
>5S_rRNA::OBLY013014904.1:89-196(-)
>5S_rRNA::OBLY011077447.1:62-169(+)
>5S_rRNA::OBLY010835266.1:131-243(+)
>5S_rRNA::OBLY010423902.1:137-247(-)
>5S_rRNA::OBLY010071532.1:145-256(-)
>5S_rRNA::OBLY013835282.1:2-96(-)
>5S_rRNA::OBLY010859481.1:95-205(+)
>5S_rRNA::OBLY010866233.1:113-218(-)
>5S_rRNA::OBLY012830333.1:67-173(+)
>5S_rRNA::OBLY012537741.1:19-129(-)
>5S_rRNA::OBLY010044871.1:97-208(-)
>5S_rRNA::OBLY010055649.1:128-239(-)
>5S_rRNA::OBLY010568853.1:128-232(+)
>5S_rRNA::OBLY010490494.1:108-212(-)
>5S_rRNA::OBLY013379226.1:2-98(-)
>5S_rRNA::OBLY011320492.1:57-159(+)
>5S_rRNA::OBLY010328203.1:101-214(-)
>5S_rRNA::OBLY011279995.1:94-206(-)
>5S_rRNA::OBLY012405105.1:128-233(-)
>5S_rRNA::OBLY012272514.1:24-133(+)
>5S_rRNA::OBLY011477420.1:52-161(+)
>5S_rRNA::OBLY010479824.1:99-209(-)
>5S_rRNA::OBLY012408524.1:120-192(+)
>5S_rRNA::OBLY011240288.1:3-76(-)
>5S_rRNA::OBLY012266769.1:115-220(-)
>5S_rRNA::OBLY010042897.1:404-513(-)
>5S_rRNA::OBLY012106576.1:47-148(-)
>5S_rRNA::OBLY010377879.1:168-247(-)
>5S_rRNA::OBLY012906526.1:31-130(-)
>5S_rRNA::OBLY012681681.1:75-184(+)
>5S_rRNA::OBLY012166612.1:92-201(+)
>5S_rRNA::OBLY013845315.1:1-71(+)
>5S_rRNA::OBLY013312306.1:69-176(-)
>5S_rRNA::OBLY012227622.1:155-233(+)
>5S_rRNA::OBLY010995671.1:85-197(+)
>5S_rRNA::OBLY010308537.1:174-284(+)
>5S_rRNA::OBLY013443765.1:70-173(+)
>5S_rRNA::OBLY010887970.1:163-271(+)
>5S_rRNA::OBLY011076494.1:119-216(+)
>5S_rRNA::OBLY012759438.1:70-180(-)
>5S_rRNA::OBLY012484396.1:121-230(+)
>5S_rRNA::OBLY010007080.1:105-208(-)
>5_8S_rRNA::OBLY011786543.1:39-190(-)
>5_8S_rRNA::OBLY011105741.1:114-268(-)
>5_8S_rRNA::OBLY010313426.1:16-165(+)
>5_8S_rRNA::OBLY013022802.1:95-215(-)
>5_8S_rRNA::OBLY010011568.1:1420-1499(+)
>5_8S_rRNA::OBLY010053182.1:37-137(-)
>18S_rRNA::OBND01000196.1:55-846(+)
>18S_rRNA::OBND01000002.1:73-828(-)
>5S_rRNA::OBND01001104.1:145-254(-)
>5S_rRNA::OBND01002492.1:200-306(-)
>5_8S_rRNA::OBND01000138.1:375-527(-)
>18S_rRNA::OBNG01003347.1:3-1382(+)
>18S_rRNA::OBNG01000990.1:1222-2092(+)
>18S_rRNA::OBNG01010308.1:0-494(+)
>18S_rRNA::OBNG01010340.1:18-485(-)
>28S_rRNA::OBNG01004458.1:52-1064(-)
>28S_rRNA::OBNG01002783.1:412-1165(-)
>5S_rRNA::OBNG01017783.1:163-275(+)
>5S_rRNA::OBNG01017126.1:271-365(-)
>5S_rRNA::OBNG01007571.1:156-266(+)
>5S_rRNA::OBNG01016894.1:49-158(-)
>5S_rRNA::OBNG01005270.1:355-463(-)
>5_8S_rRNA::OBNG01009353.1:198-352(+)
>18S_rRNA::OBNJ01002319.1:283-1287(-)
>18S_rRNA::OBNJ01001779.1:4-795(-)
>18S_rRNA::OBNJ01005520.1:1-602(-)
>18S_rRNA::OBNJ01002982.1:365-997(-)
>18S_rRNA::OBNJ01004967.1:1-589(+)
>18S_rRNA::OBNJ01008363.1:0-487(-)
>18S_rRNA::OBNJ01006934.1:2-470(+)
>18S_rRNA::OBNJ01008761.1:1-472(+)
>18S_rRNA::OBNJ01008973.1:0-471(-)
>18S_rRNA::OBNJ01002449.1:233-759(-)
>28S_rRNA::OBNJ01001638.1:8-1961(-)
>28S_rRNA::OBNJ01002620.1:0-924(-)
>28S_rRNA::OBNJ01001684.1:942-1839(-)
>28S_rRNA::OBNJ01002899.1:2-745(-)
>28S_rRNA::OBNJ01003192.1:10-754(-)
>28S_rRNA::OBNJ01002859.1:72-815(+)
>28S_rRNA::OBNJ01002513.1:21-1052(+)
>28S_rRNA::OBNJ01001201.1:413-1161(-)
>5S_rRNA::OBNJ01004207.1:408-519(+)
>5S_rRNA::OBNJ01003529.1:271-371(+)
>5S_rRNA::OBNJ01013265.1:177-288(-)
>5S_rRNA::OBNJ01003491.1:709-820(+)
>5S_rRNA::OBNJ01026591.1:189-300(+)
>5S_rRNA::OBNJ01002748.1:148-258(-)
>5S_rRNA::OBNJ01014250.1:186-284(-)
>5S_rRNA::OBNJ01015760.1:135-245(+)
>5S_rRNA::OBNJ01006987.1:394-512(+)
>5S_rRNA::OBNJ01026928.1:1-110(-)
>5S_rRNA::OBNJ01035738.1:5-115(-)
>5S_rRNA::OBNJ01023847.1:85-196(+)
>5S_rRNA::OBNJ01001096.1:2343-2453(-)
>5S_rRNA::OBNJ01007174.1:8-92(-)
>5S_rRNA::OBNJ01025047.1:89-197(-)
>5S_rRNA::OBNJ01001684.1:557-666(-)
>5S_rRNA::OBNJ01005203.1:222-330(+)
>5S_rRNA::OBNJ01000083.1:213-322(+)
>5S_rRNA::OBNJ01007491.1:212-320(+)
>5_8S_rRNA::OBNJ01035371.1:0-128(+)
>5_8S_rRNA::OBNJ01002319.1:1-79(-)
>5_8S_rRNA::OBNJ01006220.1:483-561(+)
>18S_rRNA::OBNI01002759.1:84-924(+)
>18S_rRNA::OBNI01000795.1:765-1644(-)
>18S_rRNA::OBNI01000812.1:0-876(-)
>18S_rRNA::OBNI01000541.1:4252-5020(-)
>28S_rRNA::OBNI01000669.1:396-1413(-)
>28S_rRNA::OBNI01000541.1:689-1714(-)
>28S_rRNA::OBNI01001926.1:2-857(+)
>28S_rRNA::OBNI01003253.1:11-820(-)
>28S_rRNA::OBNI01000889.1:0-855(+)
>28S_rRNA::OBNI01000541.1:1934-2682(-)
>5S_rRNA::OBNI01008872.1:197-312(-)
>5S_rRNA::OBNI01000541.1:375-485(-)
>5S_rRNA::OBNI01023097.1:142-251(-)
>5S_rRNA::OBNI01004554.1:116-227(-)
>5S_rRNA::OBNI01001926.1:1077-1160(+)
>5S_rRNA::OBNI01000889.1:1131-1240(+)
>5S_rRNA::OBNI01000669.1:49-158(-)
>5S_rRNA::OBNI01025883.1:9-117(-)
>18S_rRNA::OBNK01002411.1:0-1708(+)
>18S_rRNA::OBNK01007285.1:10-654(-)
>18S_rRNA::OBNK01004116.1:300-994(+)
>18S_rRNA::OBNK01007067.1:0-648(+)
>18S_rRNA::OBNK01012171.1:1-501(+)
>28S_rRNA::OBNK01004678.1:0-885(+)
>28S_rRNA::OBNK01003957.1:34-1033(-)
>28S_rRNA::OBNK01001170.1:2447-3470(+)
>28S_rRNA::OBNK01001109.1:689-1714(-)
>28S_rRNA::OBNK01003225.1:287-1029(+)
>28S_rRNA::OBNK01003134.1:370-1301(-)
>28S_rRNA::OBNK01001109.1:1934-2682(-)
>5S_rRNA::OBNK01030736.1:105-216(+)
>5S_rRNA::OBNK01030048.1:2-102(-)
>5S_rRNA::OBNK01009966.1:74-185(+)
>5S_rRNA::OBNK01043139.1:161-272(+)
>5S_rRNA::OBNK01015891.1:200-312(+)
>5S_rRNA::OBNK01031840.1:56-167(-)
>5S_rRNA::OBNK01031582.1:92-202(-)
>5S_rRNA::OBNK01008666.1:155-265(-)
>5S_rRNA::OBNK01007673.1:366-478(-)
>5S_rRNA::OBNK01001109.1:375-485(-)
>5S_rRNA::OBNK01028371.1:57-160(-)
>5S_rRNA::OBNK01001170.1:3746-3855(+)
>5S_rRNA::OBNK01005298.1:201-309(-)
>5S_rRNA::OBNK01037346.1:49-158(-)
>5S_rRNA::OBNK01000087.1:446-554(+)
>5_8S_rRNA::OBNK01036411.1:20-172(-)
>18S_rRNA::OBOI01014660.1:178-1041(-)
>18S_rRNA::OBOI01109575.1:7-486(+)
>18S_rRNA::OBOI01002819.1:2519-3401(-)
>18S_rRNA::OBOI01000034.1:12981-13867(-)
>18S_rRNA::OBOI01000316.1:637-1512(+)
>18S_rRNA::OBOI01001223.1:2843-3705(-)
>18S_rRNA::OBOI01022958.1:124-971(-)
>18S_rRNA::OBOI01016114.1:341-1214(+)
>18S_rRNA::OBOI01023200.1:269-999(+)
>18S_rRNA::OBOI01004870.1:193-1037(-)
>18S_rRNA::OBOI01077757.1:5-562(+)
>18S_rRNA::OBOI01005265.1:287-1141(+)
>18S_rRNA::OBOI01003729.1:0-752(+)
>18S_rRNA::OBOI01043269.1:29-504(-)
>18S_rRNA::OBOI01032085.1:2-683(-)
>18S_rRNA::OBOI01093969.1:1-516(-)
>18S_rRNA::OBOI01017517.1:545-1172(-)
>18S_rRNA::OBOI01007544.1:0-621(+)
>18S_rRNA::OBOI01000407.1:1424-2136(+)
>18S_rRNA::OBOI01100509.1:32-499(-)
>18S_rRNA::OBOI01014709.1:562-1289(-)
>18S_rRNA::OBOI01002740.1:6-497(+)
>18S_rRNA::OBOI01081916.1:0-536(+)
>18S_rRNA::OBOI01004404.1:4-499(+)
>18S_rRNA::OBOI01051003.1:1-490(+)
>18S_rRNA::OBOI01118636.1:2-469(+)
>18S_rRNA::OBOI01044342.1:67-587(-)
>18S_rRNA::OBOI01021713.1:197-732(+)
>28S_rRNA::OBOI01000034.1:9052-10067(-)
>28S_rRNA::OBOI01000350.1:15904-16788(-)
>28S_rRNA::OBOI01000316.1:3863-4877(+)
>28S_rRNA::OBOI01009560.1:716-1581(+)
>28S_rRNA::OBOI01013802.1:99-986(+)
>28S_rRNA::OBOI01005730.1:248-1786(-)
>28S_rRNA::OBOI01000683.1:7134-8185(+)
>28S_rRNA::OBOI01000683.1:5754-6968(+)
>28S_rRNA::OBOI01002752.1:2363-3632(-)
>28S_rRNA::OBOI01005556.1:219-1287(-)
>28S_rRNA::OBOI01002819.1:229-1277(-)
>28S_rRNA::OBOI01002845.1:130-1248(-)
>28S_rRNA::OBOI01002740.1:1855-2925(+)
>28S_rRNA::OBOI01009453.1:1-804(-)
>28S_rRNA::OBOI01014977.1:254-1264(+)
>28S_rRNA::OBOI01000316.1:2769-3811(+)
>28S_rRNA::OBOI01005000.1:1574-2325(+)
>28S_rRNA::OBOI01010902.1:0-1035(-)
>28S_rRNA::OBOI01003670.1:616-1660(-)
>28S_rRNA::OBOI01012582.1:51-783(+)
>28S_rRNA::OBOI01005982.1:916-1983(+)
>28S_rRNA::OBOI01005864.1:139-878(-)
>28S_rRNA::OBOI01011602.1:213-1260(-)
>28S_rRNA::OBOI01000055.1:23199-24426(-)
>28S_rRNA::OBOI01009453.1:847-1665(-)
>28S_rRNA::OBOI01000055.1:24810-25555(-)
>28S_rRNA::OBOI01006132.1:212-1092(+)
>5S_rRNA::OBOI01230487.1:85-195(+)
>5S_rRNA::OBOI01000967.1:659-770(+)
>5S_rRNA::OBOI01004486.1:504-616(+)
>5S_rRNA::OBOI01000350.1:15599-15709(-)
>5S_rRNA::OBOI01091461.1:65-175(-)
>5S_rRNA::OBOI01156808.1:246-359(+)
>5S_rRNA::OBOI01030851.1:427-537(+)
>5S_rRNA::OBOI01021423.1:345-455(+)
>5S_rRNA::OBOI01082585.1:445-546(+)
>5S_rRNA::OBOI01245455.1:252-352(+)
>5S_rRNA::OBOI01186522.1:3-99(-)
>5S_rRNA::OBOI01250569.1:0-103(+)
>5S_rRNA::OBOI01000316.1:5098-5209(+)
>5S_rRNA::OBOI01188365.1:2-108(+)
>5S_rRNA::OBOI01006451.1:1539-1649(-)
>5S_rRNA::OBOI01209632.1:132-237(-)
>5S_rRNA::OBOI01057126.1:357-463(+)
>5S_rRNA::OBOI01209246.1:88-200(+)
>5S_rRNA::OBOI01002752.1:1488-1596(-)
>5S_rRNA::OBOI01191110.1:245-355(-)
>5S_rRNA::OBOI01003827.1:618-725(+)
>5S_rRNA::OBOI01085660.1:450-530(+)
>5S_rRNA::OBOI01027446.1:275-388(+)
>5S_rRNA::OBOI01028995.1:16-95(-)
>5S_rRNA::OBOI01022922.1:459-566(-)
>5S_rRNA::OBOI01000034.1:8726-8826(-)
>5S_rRNA::OBOI01013696.1:437-533(+)
>5S_rRNA::OBOI01022005.1:264-345(-)
>5S_rRNA::OBOI01001405.1:433-510(+)
>5S_rRNA::OBOI01216148.1:128-234(-)
>5S_rRNA::OBOI01257282.1:237-332(+)
>5S_rRNA::OBOI01259680.1:156-244(+)
>5S_rRNA::OBOI01159239.1:243-329(-)
>5S_rRNA::OBOI01260491.1:67-144(+)
>5S_rRNA::OBOI01234339.1:0-74(-)
>5S_rRNA::OBOI01076087.1:321-426(-)
>5S_rRNA::OBOI01091649.1:265-347(+)
>5S_rRNA::OBOI01009798.1:496-607(+)
>5_8S_rRNA::OBOI01138767.1:180-332(-)
>5_8S_rRNA::OBOI01133386.1:2-98(-)
>5_8S_rRNA::OBOI01129268.1:92-192(+)
>18S_rRNA::OBNH01003702.1:6-756(+)
>18S_rRNA::OBNH01001751.1:0-770(+)
>18S_rRNA::OBNH01000541.1:4252-4904(-)
>18S_rRNA::OBNH01001265.1:25-551(-)
>28S_rRNA::OBNH01000541.1:689-1714(-)
>28S_rRNA::OBNH01000541.1:1934-2682(-)
>5S_rRNA::OBNH01013343.1:172-287(+)
>5S_rRNA::OBNH01019820.1:0-109(-)
>5S_rRNA::OBNH01006736.1:144-256(-)
>5S_rRNA::OBNH01000541.1:375-485(-)
>5S_rRNA::OBNH01004099.1:541-652(+)
>5S_rRNA::OBNH01012122.1:122-183(-)
>5S_rRNA::OBNH01000032.1:131717-131826(-)
>5S_rRNA::OBNH01017769.1:9-117(-)
>18S_rRNA::OBMY01000001.1:561787-562669(+)
>18S_rRNA::OBMY01000001.1:4133284-4134166(-)
>28S_rRNA::OBMY01000001.1:563784-564950(+)
>28S_rRNA::OBMY01000001.1:4131003-4132169(-)
>18S_rRNA::OUUT01000003.1:915-1795(+)
>18S_rRNA::OUUT01000015.1:17-891(-)
>18S_rRNA::OUUT01000032.1:443-1214(+)
>28S_rRNA::OUUT01000003.1:4048-5055(+)
>28S_rRNA::OUUT01000003.1:2954-3985(+)
>5S_rRNA::OUUT01000001.1:81612-81717(+)
>5S_rRNA::OUUT01000001.1:4522904-4523009(-)
>5S_rRNA::OUUT01000003.1:5314-5419(+)
>18S_rRNA::OFEJ01000762.1:4275-5150(-)
>18S_rRNA::OFEJ01000054.1:11067-11926(+)
>18S_rRNA::OFEJ01000423.1:8598-9489(-)
>18S_rRNA::OFEJ01000002.1:91987-92861(-)
>18S_rRNA::OFEJ01010572.1:45-916(-)
>18S_rRNA::OFEJ01004828.1:6-665(+)
>18S_rRNA::OFEJ01025550.1:7-649(-)
>18S_rRNA::OFEJ01000130.1:8617-9483(+)
>18S_rRNA::OFEJ01001261.1:2899-3777(+)
>18S_rRNA::OFEJ01001015.1:4543-5085(-)
>18S_rRNA::OFEJ01009949.1:5-477(+)
>18S_rRNA::OFEJ01000002.1:92927-93478(-)
>28S_rRNA::OFEJ01000002.1:88880-89879(-)
>28S_rRNA::OFEJ01003372.1:422-2314(+)
>28S_rRNA::OFEJ01000762.1:1185-2184(-)
>28S_rRNA::OFEJ01001015.1:573-1571(-)
>28S_rRNA::OFEJ01000423.1:5623-6624(-)
>28S_rRNA::OFEJ01000054.1:14019-15014(+)
>28S_rRNA::OFEJ01001015.1:1616-2844(-)
>28S_rRNA::OFEJ01000423.1:6667-7881(-)
>28S_rRNA::OFEJ01000002.1:89919-91138(-)
>28S_rRNA::OFEJ01001261.1:6026-7057(+)
>28S_rRNA::OFEJ01004828.1:1525-2737(+)
>28S_rRNA::OFEJ01000762.1:2222-3438(-)
>28S_rRNA::OFEJ01000054.1:12767-13981(+)
>28S_rRNA::OFEJ01010014.1:592-1568(+)
>28S_rRNA::OFEJ01000130.1:11642-13304(+)
>28S_rRNA::OFEJ01002821.1:2815-4029(-)
>28S_rRNA::OFEJ01003372.1:2358-3879(+)
>28S_rRNA::OFEJ01000777.1:3787-4710(+)
>28S_rRNA::OFEJ01000777.1:5993-7488(+)
>28S_rRNA::OFEJ01000130.1:10574-11578(+)
>28S_rRNA::OFEJ01001261.1:4922-5977(+)
>5S_rRNA::OFEJ01000999.1:92-201(+)
>5S_rRNA::OFEJ01000376.1:8301-8401(+)
>5S_rRNA::OFEJ01000130.1:13457-13564(+)
>5S_rRNA::OFEJ01011324.1:1198-1303(-)
>5S_rRNA::OFEJ01000167.1:4093-4208(-)
>5S_rRNA::OFEJ01020159.1:287-367(-)
>5S_rRNA::OFEJ01005046.1:2497-2577(-)
>5S_rRNA::OFEJ01000921.1:3622-3702(-)
>5S_rRNA::OFEJ01001389.1:5226-5319(+)
>5S_rRNA::OFEJ01001033.1:5485-5593(-)
>5_8S_rRNA::OFEJ01001074.1:7649-7749(+)
>5_8S_rRNA::OFEJ01000558.1:10623-10721(+)
>5_8S_rRNA::OFEJ01001089.1:7651-7750(+)
>18S_rRNA::OFMW01000517.1:229-1064(-)
>28S_rRNA::OFMW01000164.1:158-1339(-)
>5S_rRNA::OFMW01000520.1:85-199(-)
>18S_rRNA::OFMZ01000538.1:61-930(-)
>18S_rRNA::OFMZ01001285.1:337-1020(+)
>18S_rRNA::OFMZ01000538.1:989-1547(-)
>28S_rRNA::OFMZ01000182.1:613-1620(-)
>28S_rRNA::OFMZ01000182.1:1660-2875(-)
>5S_rRNA::OFMZ01000480.1:248-360(-)
>18S_rRNA::OFMY01000545.1:124-611(-)
>28S_rRNA::OFMY01000039.1:1244-2238(+)
>28S_rRNA::OFMY01000039.1:147-1188(+)
>5S_rRNA::OFMY01000039.1:2502-2598(+)
>18S_rRNA::OFNA01000258.1:60-593(+)
>18S_rRNA::OFNE01001287.1:2-765(+)
>18S_rRNA::OFNE01000871.1:96-973(-)
>18S_rRNA::OFNE01001541.1:117-674(+)
>28S_rRNA::OFNE01000747.1:339-1186(-)
>5S_rRNA::OFNE01001139.1:115-231(-)
>18S_rRNA::OFNB01000445.1:113-849(+)
>18S_rRNA::OFNC01000621.1:69-705(+)
>18S_rRNA::OFNC01001817.1:43-551(+)
>18S_rRNA::OFNH01000877.1:212-1079(+)
>18S_rRNA::OFNH01000045.1:710-1588(+)
>28S_rRNA::OFNH01000476.1:510-1521(+)
>28S_rRNA::OFNH01000045.1:3990-4984(+)
>28S_rRNA::OFNH01002952.1:45-810(+)
>28S_rRNA::OFNH01002689.1:24-862(-)
>28S_rRNA::OFNH01000045.1:2893-3930(+)
>28S_rRNA::OFNH01002939.1:102-839(+)
>5S_rRNA::OFNH01000045.1:5246-5354(+)
>5S_rRNA::OFNH01000195.1:2338-2441(-)
>18S_rRNA::OFNG01000821.1:33-896(-)
>18S_rRNA::OFNG01001668.1:60-583(-)
>18S_rRNA::OFNF01000080.1:158-1002(-)
>18S_rRNA::OFNF01000089.1:327-973(-)
>18S_rRNA::OFNF01000109.1:52-615(-)
>28S_rRNA::OFNF01000025.1:266-1274(-)
>28S_rRNA::OFNF01000090.1:165-904(+)
>18S_rRNA::OFRP01000466.1:26-628(-)
>18S_rRNA::OFNN01000226.1:14-865(-)
>18S_rRNA::OFNN01003129.1:5-536(-)
>18S_rRNA::OFNN01000226.1:921-1450(-)
>28S_rRNA::OFNN01000482.1:78-1060(-)
>5S_rRNA::OFNN01003115.1:360-456(-)
>18S_rRNA::OFNM01000450.1:724-1505(+)
>28S_rRNA::OFNM01000257.1:781-1788(+)
>5S_rRNA::OFNM01003219.1:432-531(-)
>18S_rRNA::OFNQ01000129.1:422-1324(+)
>18S_rRNA::OFNQ01000726.1:30-755(+)
>28S_rRNA::OFNQ01000134.1:424-1609(-)
>5S_rRNA::OFNQ01000293.1:976-1072(+)
>18S_rRNA::OFNS01000445.1:35-562(-)
>18S_rRNA::OFNX01000061.1:237-1107(-)
>18S_rRNA::OFNX01000082.1:302-1175(-)
>18S_rRNA::OFNX01001579.1:132-634(-)
>18S_rRNA::OFNX01000061.1:1176-1722(-)
>28S_rRNA::OFNX01000025.1:532-1539(-)
>28S_rRNA::OFNX01000025.1:1577-2791(-)
>28S_rRNA::OFNX01000759.1:3-840(-)
>5S_rRNA::OFNX01000025.1:121-237(-)
>5S_rRNA::OFNX01000499.1:150-258(-)
>5_8S_rRNA::OFNX01002353.1:247-348(-)
>18S_rRNA::OFNY01004221.1:6-520(-)
>18S_rRNA::OFNY01002304.1:30-657(-)
>18S_rRNA::OFNY01000970.1:235-758(-)
>28S_rRNA::OFNY01000049.1:314-1319(-)
>28S_rRNA::OFNY01000049.1:1359-2579(-)
>28S_rRNA::OFNY01000138.1:179-1361(+)
>5S_rRNA::OFNY01003097.1:498-587(+)
>18S_rRNA::OFNV01000486.1:35-566(-)
>18S_rRNA::OFNW01000052.1:9-513(+)
>18S_rRNA::OFNW01000024.1:218-779(-)
>28S_rRNA::OFNW01000003.1:339-1356(-)
>28S_rRNA::OFNW01000003.1:1395-2454(-)
>5S_rRNA::OFNW01000003.1:48-158(-)
>5_8S_rRNA::OFNW01000003.1:3032-3132(-)
>18S_rRNA::OFNZ01000435.1:56-603(+)
>18S_rRNA::OFNZ01000525.1:25-550(-)
>28S_rRNA::OFNZ01000198.1:21-804(-)
>5_8S_rRNA::OFNZ01000528.1:34-185(+)
>28S_rRNA::OFOB01000498.1:114-859(+)
>18S_rRNA::OFOC01000291.1:29-607(-)
>5S_rRNA::OFOC01000065.1:175-285(-)
>18S_rRNA::OFOJ01000031.1:20-720(+)
>18S_rRNA::OFOJ01001790.1:88-558(+)
>18S_rRNA::OFOJ01000422.1:108-655(+)
>28S_rRNA::OFOJ01000442.1:7-928(-)
>18S_rRNA::OFOF01000065.1:425-1304(+)
>18S_rRNA::OFOE01000368.1:9-538(-)
>18S_rRNA::OFOH01000875.1:65-704(+)
>18S_rRNA::OFOI01000037.1:0-1046(+)
>18S_rRNA::OFOI01000078.1:895-1381(-)
>28S_rRNA::OFOI01000350.1:13-869(+)
>28S_rRNA::OFOI01000216.1:8-1050(-)
>28S_rRNA::OFOI01000208.1:51-923(+)
>5_8S_rRNA::OFOI01000037.1:1230-1382(+)
>18S_rRNA::OFOL01000665.1:474-1213(-)
>18S_rRNA::OFOL01002484.1:70-572(+)
>18S_rRNA::OFOL01000377.1:782-1340(+)
>28S_rRNA::OFOL01001336.1:55-803(-)
>18S_rRNA::OFOO01001860.1:41-587(-)
>18S_rRNA::OFOM01000631.1:55-691(+)
>18S_rRNA::OFOM01000887.1:40-587(-)
>28S_rRNA::OFOM01000119.1:118-1125(-)
>28S_rRNA::OFOM01000119.1:1164-1909(-)
>18S_rRNA::OFOV01000188.1:757-1627(+)
>18S_rRNA::OFOV01003391.1:42-599(+)
>18S_rRNA::OFOV01000188.1:141-695(+)
>28S_rRNA::OFOV01000109.1:1169-2176(-)
>28S_rRNA::OFOV01000109.1:2216-3435(-)
>5S_rRNA::OFOV01002824.1:445-561(+)
>5S_rRNA::OFOV01000717.1:556-659(-)
>18S_rRNA::OFON01000040.1:25-647(-)
>18S_rRNA::OFON01000076.1:0-551(-)
>18S_rRNA::OFOT01001309.1:42-711(+)
>18S_rRNA::OFOT01001763.1:46-654(+)
>18S_rRNA::OFOT01000450.1:398-927(-)
>28S_rRNA::OFOT01000839.1:0-840(+)
>28S_rRNA::OFOT01000565.1:22-1083(+)
>5S_rRNA::OFOT01002839.1:140-256(+)
>18S_rRNA::OFOW01000779.1:0-741(-)
>18S_rRNA::OFOW01000004.1:4117-4995(+)
>18S_rRNA::OFOW01000779.1:812-1356(-)
>28S_rRNA::OFOW01000809.1:88-1095(+)
>28S_rRNA::OFOW01000615.1:2-1188(-)
>28S_rRNA::OFOW01000004.1:7397-8391(+)
>28S_rRNA::OFOW01000004.1:6300-7337(+)
>5S_rRNA::OFOW01000004.1:8653-8761(+)
>5S_rRNA::OFOW01002664.1:180-290(+)
>28S_rRNA::OFOR01000057.1:1-977(-)
>28S_rRNA::OFOR01000006.1:231-1241(-)
>28S_rRNA::OFOR01000008.1:28-1069(-)
>5_8S_rRNA::OFOR01000404.1:300-452(-)
>18S_rRNA::OFOS01000021.1:33374-34252(-)
>18S_rRNA::OFOS01000021.1:39003-39881(-)
>28S_rRNA::OFOS01000021.1:29978-30972(-)
>28S_rRNA::OFOS01000021.1:35607-36601(-)
>28S_rRNA::OFOS01000021.1:31032-32069(-)
>28S_rRNA::OFOS01000021.1:36661-37698(-)
>5S_rRNA::OFOS01000021.1:29608-29716(-)
>5S_rRNA::OFOS01000021.1:35237-35345(-)
>18S_rRNA::OFPE01000122.1:1755-2633(+)
>18S_rRNA::OFPE01000030.1:3352-4215(-)
>18S_rRNA::OFPE01000045.1:4-479(+)
>28S_rRNA::OFPE01000045.1:2986-4013(+)
>28S_rRNA::OFPE01000030.1:483-1489(-)
>28S_rRNA::OFPE01000081.1:2-875(+)
>28S_rRNA::OFPE01000030.1:1770-2512(-)
>28S_rRNA::OFPE01000327.1:1083-2144(+)
>28S_rRNA::OFPE01000045.1:1762-2933(+)
>28S_rRNA::OFPE01000201.1:1066-2103(+)
>5S_rRNA::OFPE01000045.1:4326-4435(+)
>5S_rRNA::OFPE01005944.1:74-186(-)
>5S_rRNA::OFPE01000081.1:1344-1453(+)
>5S_rRNA::OFPE01000122.1:660-768(+)
>5S_rRNA::OFOX01000164.1:54-169(-)
>18S_rRNA::OFOZ01000164.1:1527-3317(+)
>18S_rRNA::OFOZ01001044.1:13-540(-)
>28S_rRNA::OFOZ01000164.1:3556-7143(+)
>28S_rRNA::OFOZ01000577.1:368-1404(-)
>5S_rRNA::OFOZ01000158.1:458-566(+)
>5S_rRNA::OFOZ01002169.1:26-106(-)
>5S_rRNA::OFOZ01000776.1:519-625(+)
>5_8S_rRNA::OFOZ01000164.1:3560-3705(+)
>18S_rRNA::OFOY01000048.1:1066-1944(-)
>28S_rRNA::OFOY01000231.1:418-1307(-)
>28S_rRNA::OFOY01000045.1:29978-30847(-)
>28S_rRNA::OFOY01000203.1:229-1265(-)
>5S_rRNA::OFOY01000045.1:29600-29708(-)
>18S_rRNA::OFPG01001047.1:659-1537(+)
>28S_rRNA::OFPG01001961.1:193-931(-)
>5S_rRNA::OFPG01002481.1:778-890(+)
>5S_rRNA::OFPG01000870.1:846-955(+)
>5S_rRNA::OFPG01002485.1:660-768(+)
>5S_rRNA::OFPG01006416.1:258-365(-)
>18S_rRNA::OFPA01000005.1:76355-77233(+)
>28S_rRNA::OFPA01000005.1:79635-80629(+)
>28S_rRNA::OFPA01000005.1:78538-79575(+)
>5S_rRNA::OFPA01000005.1:80891-80999(+)
>18S_rRNA::OFPD01000008.1:5855-6732(-)
>28S_rRNA::OFPD01000008.1:2519-3513(-)
>28S_rRNA::OFPD01002741.1:1-866(+)
>28S_rRNA::OFPD01000008.1:3571-4605(-)
>5S_rRNA::OFPD01004800.1:271-380(+)
>5S_rRNA::OFPD01000008.1:2146-2253(-)
>18S_rRNA::OFPC01000004.1:1261-2137(+)
>18S_rRNA::OFPC01000004.1:719-1204(+)
>28S_rRNA::OFPC01000013.1:268-1261(-)
>28S_rRNA::OFPC01000004.1:4291-5320(+)
>28S_rRNA::OFPC01000004.1:3196-4257(+)
>28S_rRNA::OFPC01000013.1:1321-2358(-)
>5S_rRNA::OFPC01000004.1:5563-5675(+)
>18S_rRNA::OFPB01000010.1:76305-77183(+)
>28S_rRNA::OFPB01000010.1:79585-80579(+)
>28S_rRNA::OFPB01000010.1:78488-79525(+)
>5S_rRNA::OFPB01000010.1:80841-80949(+)
>18S_rRNA::OFPF01000028.1:1590-2467(+)
>28S_rRNA::OFPF01000028.1:4822-5816(+)
>28S_rRNA::OFPF01000028.1:3730-4764(+)
>5S_rRNA::OFPF01002063.1:462-574(+)
>5S_rRNA::OFPF01000028.1:6082-6189(+)
>18S_rRNA::OFPH01000979.1:0-769(-)
>18S_rRNA::OFPH01000004.1:981-1859(+)
>18S_rRNA::OFPH01001163.1:29-576(-)
>28S_rRNA::OFPH01001178.1:8-822(+)
>28S_rRNA::OFPH01001084.1:21-804(-)
>28S_rRNA::OFPH01000004.1:4261-5255(+)
>28S_rRNA::OFPH01000004.1:3164-4201(+)
>5S_rRNA::OFPH01000004.1:5517-5625(+)
>5_8S_rRNA::OFPH01001084.1:656-801(-)
>18S_rRNA::OFPM01000060.1:399-1277(+)
>18S_rRNA::OFPM01000295.1:1-468(+)
>28S_rRNA::OFPM01000018.1:490-1484(-)
>28S_rRNA::OFPM01000018.1:1545-2581(-)
>5S_rRNA::OFPM01002153.1:332-442(+)
>5S_rRNA::OFPM01000018.1:121-228(-)
>5_8S_rRNA::OFPM01000295.1:777-878(+)
>18S_rRNA::OFPK01000006.1:90905-91783(+)
>18S_rRNA::OFPK01000006.1:96534-97412(+)
>28S_rRNA::OFPK01000128.1:370-1408(+)
>28S_rRNA::OFPK01000006.1:94185-95179(+)
>28S_rRNA::OFPK01000006.1:99814-100808(+)
>28S_rRNA::OFPK01000006.1:93088-94125(+)
>28S_rRNA::OFPK01000006.1:98717-99754(+)
>5S_rRNA::OFPK01000128.1:1650-1762(+)
>5S_rRNA::OFPK01000006.1:95441-95549(+)
>5S_rRNA::OFPK01000006.1:101070-101178(+)
>18S_rRNA::OFPJ01000013.1:25073-25951(+)
>28S_rRNA::OFPJ01000013.1:28353-29347(+)
>28S_rRNA::OFPJ01000013.1:27256-28293(+)
>5S_rRNA::OFPJ01001400.1:107-219(-)
>5S_rRNA::OFPJ01000013.1:29609-29717(+)
>18S_rRNA::OFPI01000177.1:4213-5147(-)
>18S_rRNA::OFPI01000236.1:1448-2320(+)
>18S_rRNA::OFPI01000004.1:11-767(-)
>28S_rRNA::OFPI01000177.1:369-3959(-)
>28S_rRNA::OFPI01000266.1:354-1344(+)
>28S_rRNA::OFPI01000300.1:70-1128(-)
>5S_rRNA::OFPI01000266.1:1610-1718(+)
>5_8S_rRNA::OFPI01000177.1:3810-3955(-)
>28S_rRNA::OFPL01000158.1:1769-2806(+)
>5S_rRNA::OFPL01000739.1:1107-1217(+)
>5S_rRNA::OFPL01000039.1:29615-29723(-)
>18S_rRNA::OFPN01000006.1:33356-34234(-)
>28S_rRNA::OFPN01000087.1:2493-3519(+)
>28S_rRNA::OFPN01000006.1:29960-30954(-)
>28S_rRNA::OFPN01000087.1:1269-2440(+)
>28S_rRNA::OFPN01000006.1:31014-32051(-)
>5S_rRNA::OFPN01000087.1:3832-3941(+)
>5S_rRNA::OFPN01000343.1:472-584(+)
>5S_rRNA::OFPN01000006.1:29590-29698(-)
>18S_rRNA::OFPR01000011.1:4597-5475(-)
>18S_rRNA::OFPR01001487.1:244-729(-)
>28S_rRNA::OFPR01000011.1:1130-2124(-)
>28S_rRNA::OFPR01000100.1:759-1786(-)
>28S_rRNA::OFPR01000011.1:2180-3222(-)
>28S_rRNA::OFPR01000100.1:1820-2881(-)
>5S_rRNA::OFPR01000100.1:402-514(-)
>5S_rRNA::OFPR01000011.1:743-851(-)
>18S_rRNA::OFPO01000408.1:262-1245(+)
>18S_rRNA::OFPO01001299.1:3-648(+)
>18S_rRNA::OFPO01000214.1:3-470(+)
>28S_rRNA::OFPO01000623.1:4-958(+)
>28S_rRNA::OFPO01000214.1:2872-3866(+)
>28S_rRNA::OFPO01000236.1:459-1488(-)
>28S_rRNA::OFPO01000236.1:1522-2583(-)
>28S_rRNA::OFPO01000214.1:1775-2812(+)
>5S_rRNA::OFPO01000236.1:105-217(-)
>5S_rRNA::OFPO01000214.1:4128-4236(+)
>5_8S_rRNA::OFPO01000971.1:288-433(-)
>18S_rRNA::OFPQ01000008.1:968-1846(+)
>28S_rRNA::OFPQ01000008.1:4248-5242(+)
>28S_rRNA::OFPQ01000231.1:434-1443(-)
>28S_rRNA::OFPQ01000231.1:1724-2466(-)
>28S_rRNA::OFPQ01000008.1:3151-4188(+)
>5S_rRNA::OFPQ01001717.1:427-536(+)
>5S_rRNA::OFPQ01000008.1:5504-5612(+)
>5S_rRNA::OFPQ01000231.1:76-166(-)
>18S_rRNA::OFPP01000013.1:1613-2491(+)
>18S_rRNA::OFPP01001229.1:45-573(-)
>28S_rRNA::OFPP01000013.1:3819-4860(+)
>5S_rRNA::OFPP01000279.1:609-719(+)
>5S_rRNA::OFPP01000964.1:57-165(-)
>18S_rRNA::OGBZ01002213.1:445-1297(-)
>18S_rRNA::OGBZ01007541.1:62-707(+)
>18S_rRNA::OGBZ01000896.1:1410-2285(-)
>18S_rRNA::OGBZ01000035.1:2796-3689(-)
>18S_rRNA::OGBZ01006720.1:1-709(-)
>18S_rRNA::OGBZ01000032.1:2154-3013(-)
>18S_rRNA::OGBZ01009020.1:124-612(-)
>18S_rRNA::OGBZ01012159.1:49-524(+)
>18S_rRNA::OGBZ01007958.1:76-628(+)
>28S_rRNA::OGBZ01004270.1:58-941(+)
>28S_rRNA::OGBZ01000027.1:4462-5492(+)
>28S_rRNA::OGBZ01000027.1:1687-2717(-)
>28S_rRNA::OGBZ01004084.1:189-1079(-)
>28S_rRNA::OGBZ01005714.1:20-786(-)
>28S_rRNA::OGBZ01000035.1:0-797(-)
>28S_rRNA::OGBZ01000007.1:7484-8484(+)
>28S_rRNA::OGBZ01004371.1:140-896(-)
>28S_rRNA::OGBZ01002564.1:100-1409(-)
>28S_rRNA::OGBZ01000035.1:846-1904(-)
>28S_rRNA::OGBZ01001172.1:973-2016(+)
>28S_rRNA::OGBZ01000027.1:3676-4415(+)
>28S_rRNA::OGBZ01000027.1:2764-3503(-)
>28S_rRNA::OGBZ01000007.1:6347-7437(+)
>5S_rRNA::OGBZ01003780.1:218-327(+)
>5S_rRNA::OGBZ01004489.1:217-324(-)
>5S_rRNA::OGBZ01000156.1:3833-3946(-)
>5S_rRNA::OGBZ01000027.1:5653-5763(+)
>5S_rRNA::OGBZ01000027.1:1416-1526(-)
>5S_rRNA::OGBZ01003613.1:657-766(-)
>5S_rRNA::OGBZ01009974.1:61-173(-)
>5S_rRNA::OGBZ01004786.1:2-106(+)
>5S_rRNA::OGBZ01000007.1:8644-8748(+)
>5S_rRNA::OGBZ01009706.1:2-94(+)
>5S_rRNA::OGBZ01013079.1:2-71(-)
>18S_rRNA::OMKS01013883.1:14-923(+)
>18S_rRNA::OMKS01042503.1:70-664(-)
>18S_rRNA::OMKS01009267.1:4533-5407(+)
>18S_rRNA::OMKS01001651.1:14586-15459(-)
>18S_rRNA::OMKS01000006.1:98799-99674(-)
>18S_rRNA::OMKS01010414.1:1345-2220(+)
>18S_rRNA::OMKS01005355.1:4336-5215(-)
>18S_rRNA::OMKS01001864.1:17140-18013(+)
>18S_rRNA::OMKS01043835.1:80-970(-)
>18S_rRNA::OMKS01045102.1:847-1701(+)
>18S_rRNA::OMKS01007445.1:2638-3507(+)
>18S_rRNA::OMKS01000327.1:1353-2229(+)
>18S_rRNA::OMKS01008212.1:768-1612(+)
>18S_rRNA::OMKS01022249.1:2319-3086(-)
>18S_rRNA::OMKS01015258.1:14-793(-)
>18S_rRNA::OMKS01079971.1:16-803(-)
>18S_rRNA::OMKS01012343.1:248-1124(-)
>18S_rRNA::OMKS01012700.1:2404-3287(-)
>18S_rRNA::OMKS01000104.1:59669-60550(-)
>18S_rRNA::OMKS01013591.1:2561-3441(-)
>18S_rRNA::OMKS01000336.1:33476-34376(-)
>18S_rRNA::OMKS01005461.1:5954-6832(+)
>18S_rRNA::OMKS01006487.1:4697-5574(-)
>18S_rRNA::OMKS01009234.1:3167-4032(+)
>18S_rRNA::OMKS01000483.1:33643-34544(+)
>18S_rRNA::OMKS01006918.1:1087-1964(+)
>18S_rRNA::OMKS01000829.1:21581-22470(+)
>18S_rRNA::OMKS01007994.1:2714-3587(+)
>18S_rRNA::OMKS01052891.1:19-913(-)
>18S_rRNA::OMKS01007842.1:3907-4780(-)
>18S_rRNA::OMKS01011760.1:3209-4084(+)
>18S_rRNA::OMKS01005587.1:8208-8975(+)
>18S_rRNA::OMKS01010462.1:976-1832(+)
>18S_rRNA::OMKS01008689.1:2113-2986(+)
>18S_rRNA::OMKS01000235.1:44364-45244(+)
>18S_rRNA::OMKS01000388.1:33618-34600(-)
>18S_rRNA::OMKS01075464.1:488-1128(-)
>18S_rRNA::OMKS01069834.1:56-926(+)
>18S_rRNA::OMKS01025164.1:745-1619(+)
>18S_rRNA::OMKS01048441.1:300-1183(-)
>18S_rRNA::OMKS01039759.1:229-1099(-)
>18S_rRNA::OMKS01032355.1:12-900(-)
>18S_rRNA::OMKS01052578.1:556-1518(+)
>18S_rRNA::OMKS01014256.1:873-1726(+)
>18S_rRNA::OMKS01005870.1:473-1338(-)
>18S_rRNA::OMKS01007663.1:1722-2603(-)
>18S_rRNA::OMKS01051166.1:417-1288(-)
>18S_rRNA::OMKS01009931.1:4676-5561(+)
>18S_rRNA::OMKS01068523.1:258-1116(-)
>18S_rRNA::OMKS01046112.1:48-934(-)
>18S_rRNA::OMKS01061380.1:609-1372(+)
>18S_rRNA::OMKS01003356.1:9178-10047(+)
>18S_rRNA::OMKS01059940.1:0-846(+)
>18S_rRNA::OMKS01005642.1:69-666(+)
>18S_rRNA::OMKS01011408.1:833-1696(+)
>18S_rRNA::OMKS01095263.1:0-753(+)
>18S_rRNA::OMKS01001820.1:16201-17061(+)
>18S_rRNA::OMKS01006288.1:152-1038(-)
>18S_rRNA::OMKS01004989.1:4232-5128(+)
>18S_rRNA::OMKS01047084.1:41-820(+)
>18S_rRNA::OMKS01029251.1:281-1127(-)
>18S_rRNA::OMKS01085507.1:406-1054(-)
>18S_rRNA::OMKS01118907.1:1-822(-)
>18S_rRNA::OMKS01103659.1:272-920(-)
>18S_rRNA::OMKS01045019.1:1-725(+)
>18S_rRNA::OMKS01129887.1:3-742(+)
>18S_rRNA::OMKS01019695.1:2779-3375(+)
>18S_rRNA::OMKS01020320.1:2678-3308(-)
>18S_rRNA::OMKS01127518.1:0-627(+)
>18S_rRNA::OMKS01040432.1:1267-1873(-)
>18S_rRNA::OMKS01038549.1:1054-1769(+)
>18S_rRNA::OMKS01191694.1:22-547(+)
>18S_rRNA::OMKS01004878.1:4367-4973(-)
>18S_rRNA::OMKS01217427.1:3-506(-)
>18S_rRNA::OMKS01206923.1:30-525(-)
>18S_rRNA::OMKS01218093.1:2-494(+)
>18S_rRNA::OMKS01025646.1:1-473(+)
>18S_rRNA::OMKS01173806.1:1-596(+)
>18S_rRNA::OMKS01192180.1:13-506(-)
>18S_rRNA::OMKS01170597.1:108-609(-)
>18S_rRNA::OMKS01097076.1:446-935(+)
>18S_rRNA::OMKS01130097.1:297-766(-)
>18S_rRNA::OMKS01212767.1:8-515(-)
>18S_rRNA::OMKS01003027.1:13164-13638(+)
>18S_rRNA::OMKS01007975.1:51-571(+)
>18S_rRNA::OMKS01106618.1:338-901(-)
>18S_rRNA::OMKS01202889.1:24-494(+)
>18S_rRNA::OMKS01192693.1:1-507(+)
>18S_rRNA::OMKS01011646.1:1639-2234(-)
>18S_rRNA::OMKS01220490.1:7-497(-)
>18S_rRNA::OMKS01138147.1:4-515(+)
>18S_rRNA::OMKS01195900.1:56-544(-)
>18S_rRNA::OMKS01130259.1:157-765(-)
>18S_rRNA::OMKS01114035.1:12-482(-)
>18S_rRNA::OMKS01210496.1:42-518(-)
>18S_rRNA::OMKS01101788.1:325-933(-)
>18S_rRNA::OMKS01206065.1:25-504(-)
>18S_rRNA::OMKS01010414.1:742-1296(+)
>18S_rRNA::OMKS01009267.1:3918-4493(+)
>18S_rRNA::OMKS01088230.1:335-860(-)
>18S_rRNA::OMKS01004878.1:5991-6605(-)
>18S_rRNA::OMKS01019695.1:2177-2707(+)
>18S_rRNA::OMKS01007445.1:2044-2583(+)
>18S_rRNA::OMKS01022630.1:2413-2938(+)
>18S_rRNA::OMKS01015258.1:846-1371(-)
>18S_rRNA::OMKS01008212.1:181-713(+)
>18S_rRNA::OMKS01001651.1:15505-16067(-)
>18S_rRNA::OMKS01005355.1:5271-5800(-)
>18S_rRNA::OMKS01013336.1:3577-4130(+)
>18S_rRNA::OMKS01045102.1:264-792(+)
>18S_rRNA::OMKS01000006.1:99726-100278(-)
>18S_rRNA::OMKS01000327.1:751-1297(+)
>18S_rRNA::OMKS01014256.1:290-821(+)
>18S_rRNA::OMKS01043835.1:1023-1552(-)
>18S_rRNA::OMKS01001864.1:16554-17092(+)
>18S_rRNA::OMKS01007024.1:413-913(-)
>18S_rRNA::OMKS01000388.1:34654-35190(-)
>18S_rRNA::OMKS01023931.1:2344-2867(+)
>18S_rRNA::OMKS01013591.1:3495-4083(-)
>18S_rRNA::OMKS01104599.1:85-632(+)
>18S_rRNA::OMKS01032355.1:956-1524(-)
>18S_rRNA::OMKS01000483.1:32995-33583(+)
>18S_rRNA::OMKS01012343.1:1252-1784(-)
>18S_rRNA::OMKS01000336.1:34425-35030(-)
>18S_rRNA::OMKS01158234.1:20-492(+)
>18S_rRNA::OMKS01007842.1:4842-5431(-)
>18S_rRNA::OMKS01079273.1:537-1100(+)
>18S_rRNA::OMKS01137813.1:85-675(+)
>28S_rRNA::OMKS01013883.1:1074-4460(+)
>28S_rRNA::OMKS01049530.1:544-1554(+)
>28S_rRNA::OMKS01035180.1:426-1724(+)
>28S_rRNA::OMKS01082957.1:237-1087(+)
>28S_rRNA::OMKS01000635.1:20062-21789(-)
>28S_rRNA::OMKS01005355.1:1285-2282(-)
>28S_rRNA::OMKS01008212.1:4538-5530(+)
>28S_rRNA::OMKS01018197.1:421-1421(-)
>28S_rRNA::OMKS01005642.1:2759-3753(+)
>28S_rRNA::OMKS01030431.1:1372-2362(+)
>28S_rRNA::OMKS01007445.1:5551-6552(+)
>28S_rRNA::OMKS01001651.1:11245-12253(-)
>28S_rRNA::OMKS01020410.1:769-1773(-)
>28S_rRNA::OMKS01024116.1:623-1456(+)
>28S_rRNA::OMKS01000006.1:95639-96633(-)
>28S_rRNA::OMKS01039280.1:788-1977(+)
>28S_rRNA::OMKS01000635.1:21819-23004(-)
>28S_rRNA::OMKS01010414.1:4352-5351(+)
>28S_rRNA::OMKS01027669.1:270-1284(-)
>28S_rRNA::OMKS01026012.1:769-1796(-)
>28S_rRNA::OMKS01008212.1:3319-4511(+)
>28S_rRNA::OMKS01011408.1:3905-4912(+)
>28S_rRNA::OMKS01038462.1:448-1450(-)
>28S_rRNA::OMKS01016156.1:456-1466(-)
>28S_rRNA::OMKS01000327.1:4351-5645(+)
>28S_rRNA::OMKS01000104.1:56266-57277(-)
>28S_rRNA::OMKS01005642.1:1538-2723(+)
>28S_rRNA::OMKS01057729.1:364-1442(+)
>28S_rRNA::OMKS01005355.1:2308-3475(-)
>28S_rRNA::OMKS01011868.1:2066-3078(-)
>28S_rRNA::OMKS01002464.1:11910-12926(-)
>28S_rRNA::OMKS01006487.1:1290-2305(-)
>28S_rRNA::OMKS01008170.1:3512-4526(-)
>28S_rRNA::OMKS01010462.1:4152-5173(+)
>28S_rRNA::OMKS01000336.1:30178-31202(-)
>28S_rRNA::OMKS01018924.1:1386-2413(+)
>28S_rRNA::OMKS01009599.1:707-1713(+)
>28S_rRNA::OMKS01000006.1:96658-97691(-)
>28S_rRNA::OMKS01011987.1:1485-2502(-)
>28S_rRNA::OMKS01005689.1:6619-7646(+)
>28S_rRNA::OMKS01000977.1:16282-17311(-)
>28S_rRNA::OMKS01010618.1:2963-3981(+)
>28S_rRNA::OMKS01027024.1:146-1166(-)
>28S_rRNA::OMKS01022249.1:227-1378(-)
>28S_rRNA::OMKS01009274.1:2659-3679(-)
>28S_rRNA::OMKS01022251.1:2200-3084(-)
>28S_rRNA::OMKS01004981.1:521-1543(-)
>28S_rRNA::OMKS01000327.1:3259-4325(+)
>28S_rRNA::OMKS01016656.1:1619-2838(+)
>28S_rRNA::OMKS01005941.1:2688-3667(+)
>28S_rRNA::OMKS01012532.1:917-1823(-)
>28S_rRNA::OMKS01030538.1:349-1298(-)
>28S_rRNA::OMKS01028918.1:448-1467(+)
>28S_rRNA::OMKS01030431.1:257-1314(+)
>28S_rRNA::OMKS01018037.1:539-1544(-)
>28S_rRNA::OMKS01002869.1:10840-11854(-)
>28S_rRNA::OMKS01008689.1:5163-6183(+)
>28S_rRNA::OMKS01018197.1:1426-2609(-)
>28S_rRNA::OMKS01034392.1:538-1639(-)
>28S_rRNA::OMKS01050294.1:335-1509(+)
>28S_rRNA::OMKS01007445.1:4307-5506(+)
>28S_rRNA::OMKS01033325.1:283-1170(-)
>28S_rRNA::OMKS01058162.1:196-1053(-)
>28S_rRNA::OMKS01025646.1:1415-2593(+)
>28S_rRNA::OMKS01060467.1:528-1402(-)
>28S_rRNA::OMKS01074056.1:3-869(+)
>28S_rRNA::OMKS01004989.1:7835-8726(+)
>28S_rRNA::OMKS01006918.1:4051-5077(+)
>28S_rRNA::OMKS01005847.1:4-872(+)
>28S_rRNA::OMKS01007842.1:560-1566(-)
>28S_rRNA::OMKS01070224.1:30-1083(+)
>28S_rRNA::OMKS01064594.1:455-1333(-)
>28S_rRNA::OMKS01031651.1:952-2117(+)
>28S_rRNA::OMKS01029595.1:1428-2399(-)
>28S_rRNA::OMKS01041802.1:2-898(+)
>28S_rRNA::OMKS01021226.1:2452-3198(+)
>28S_rRNA::OMKS01013937.1:2106-3106(+)
>28S_rRNA::OMKS01070535.1:61-807(+)
>28S_rRNA::OMKS01076450.1:0-861(+)
>28S_rRNA::OMKS01005941.1:766-2354(+)
>28S_rRNA::OMKS01055076.1:505-1397(-)
>28S_rRNA::OMKS01001651.1:12281-13337(-)
>28S_rRNA::OMKS01000235.1:49023-49751(+)
>28S_rRNA::OMKS01112550.1:3-850(+)
>28S_rRNA::OMKS01005774.1:3294-4294(-)
>28S_rRNA::OMKS01041193.1:703-1759(+)
>28S_rRNA::OMKS01029672.1:513-1706(-)
>28S_rRNA::OMKS01062211.1:393-1132(+)
>28S_rRNA::OMKS01005718.1:2076-4039(+)
>28S_rRNA::OMKS01095692.1:3-754(+)
>28S_rRNA::OMKS01079202.1:2-1027(+)
>28S_rRNA::OMKS01112884.1:0-860(+)
>28S_rRNA::OMKS01007192.1:284-1346(+)
>28S_rRNA::OMKS01016656.1:527-1586(+)
>28S_rRNA::OMKS01010414.1:3252-4312(+)
>28S_rRNA::OMKS01027024.1:1227-2254(-)
>28S_rRNA::OMKS01005461.1:7846-8906(+)
>28S_rRNA::OMKS01048574.1:98-1026(-)
>28S_rRNA::OMKS01059180.1:100-1152(-)
>28S_rRNA::OMKS01089480.1:9-759(-)
>28S_rRNA::OMKS01012700.1:104-1153(-)
>28S_rRNA::OMKS01002869.1:11893-12934(-)
>28S_rRNA::OMKS01026181.1:930-1980(+)
>28S_rRNA::OMKS01021226.1:1275-2114(+)
>28S_rRNA::OMKS01027981.1:1281-2326(+)
>28S_rRNA::OMKS01019774.1:2006-3306(+)
>28S_rRNA::OMKS01024247.1:73-1114(-)
>28S_rRNA::OMKS01002464.1:12986-14037(-)
>28S_rRNA::OMKS01042982.1:176-1220(-)
>28S_rRNA::OMKS01038820.1:723-1465(+)
>28S_rRNA::OMKS01033905.1:776-2214(+)
>28S_rRNA::OMKS01011987.1:2563-3609(-)
>28S_rRNA::OMKS01059909.1:107-1159(+)
>28S_rRNA::OMKS01026299.1:1600-2664(+)
>28S_rRNA::OMKS01033082.1:250-1334(-)
>28S_rRNA::OMKS01019774.1:753-1960(+)
>28S_rRNA::OMKS01063027.1:0-737(-)
>28S_rRNA::OMKS01009274.1:3738-4782(-)
>28S_rRNA::OMKS01011868.1:3119-4174(-)
>28S_rRNA::OMKS01033050.1:886-1987(+)
>28S_rRNA::OMKS01067536.1:512-1261(+)
>28S_rRNA::OMKS01065681.1:501-1293(+)
>28S_rRNA::OMKS01005689.1:5538-6581(+)
>28S_rRNA::OMKS01020410.1:1813-2856(-)
>28S_rRNA::OMKS01062569.1:376-1331(-)
>28S_rRNA::OMKS01040544.1:204-1240(-)
>28S_rRNA::OMKS01035598.1:342-1370(-)
>28S_rRNA::OMKS01007842.1:1625-2666(-)
>28S_rRNA::OMKS01091989.1:164-1003(+)
>28S_rRNA::OMKS01059342.1:135-1311(-)
>28S_rRNA::OMKS01013591.1:161-1200(-)
>28S_rRNA::OMKS01014256.1:2589-3324(+)
>28S_rRNA::OMKS01011408.1:2804-3855(+)
>28S_rRNA::OMKS01027669.1:1346-2383(-)
>28S_rRNA::OMKS01016156.1:1530-2572(-)
>28S_rRNA::OMKS01064544.1:1-1082(+)
>28S_rRNA::OMKS01051918.1:829-1562(+)
>28S_rRNA::OMKS01004989.1:6545-7311(+)
>28S_rRNA::OMKS01005718.1:930-1690(+)
>28S_rRNA::OMKS01000483.1:35778-36863(+)
>28S_rRNA::OMKS01013937.1:1019-2067(+)
>28S_rRNA::OMKS01003356.1:11506-12246(+)
>28S_rRNA::OMKS01000336.1:31259-32316(-)
>28S_rRNA::OMKS01007134.1:676-1594(-)
>28S_rRNA::OMKS01056573.1:347-1481(-)
>28S_rRNA::OMKS01026584.1:986-1727(+)
>28S_rRNA::OMKS01104254.1:74-810(+)
>28S_rRNA::OMKS01090971.1:214-956(-)
>28S_rRNA::OMKS01077499.1:149-1065(-)
>28S_rRNA::OMKS01000104.1:57648-58386(-)
>28S_rRNA::OMKS01006487.1:2368-3409(-)
>28S_rRNA::OMKS01006918.1:2962-3997(+)
>28S_rRNA::OMKS01051684.1:603-1345(+)
>28S_rRNA::OMKS01032709.1:257-1299(-)
>28S_rRNA::OMKS01008689.1:4070-5108(+)
>28S_rRNA::OMKS01012532.1:2303-3347(-)
>28S_rRNA::OMKS01018924.1:278-1336(+)
>28S_rRNA::OMKS01035694.1:223-1266(-)
>28S_rRNA::OMKS01010462.1:3124-3934(+)
>28S_rRNA::OMKS01099678.1:13-752(+)
>28S_rRNA::OMKS01043699.1:410-1381(-)
>28S_rRNA::OMKS01000235.1:46230-47258(+)
>28S_rRNA::OMKS01030538.1:1408-2142(-)
>28S_rRNA::OMKS01051649.1:314-1371(+)
>28S_rRNA::OMKS01000314.1:254-1350(-)
>28S_rRNA::OMKS01004981.1:1877-2648(-)
>28S_rRNA::OMKS01005774.1:4347-5423(-)
>28S_rRNA::OMKS01044353.1:107-1142(-)
>28S_rRNA::OMKS01000977.1:17595-18358(-)
>28S_rRNA::OMKS01037540.1:831-1575(+)
>28S_rRNA::OMKS01113499.1:2-739(+)
>28S_rRNA::OMKS01091875.1:234-965(-)
>28S_rRNA::OMKS01066136.1:5-1112(+)
>5S_rRNA::OMKS01011987.1:1174-1286(-)
>5S_rRNA::OMKS01087535.1:66-177(+)
>5S_rRNA::OMKS01002767.1:428-540(+)
>5S_rRNA::OMKS01011473.1:4709-4821(-)
>5S_rRNA::OMKS01012227.1:4306-4417(-)
>5S_rRNA::OMKS01009274.1:2353-2464(-)
>5S_rRNA::OMKS01001247.1:22327-22438(-)
>5S_rRNA::OMKS01026012.1:377-488(-)
>5S_rRNA::OMKS01005617.1:8414-8526(-)
>5S_rRNA::OMKS01012700.1:4345-4456(-)
>5S_rRNA::OMKS01141960.1:370-480(+)
>5S_rRNA::OMKS01064594.1:86-197(-)
>5S_rRNA::OMKS01112549.1:301-411(-)
>5S_rRNA::OMKS01005847.1:1108-1219(+)
>5S_rRNA::OMKS01006487.1:1028-1140(-)
>5S_rRNA::OMKS01007842.1:199-311(-)
>5S_rRNA::OMKS01000336.1:29885-29996(-)
>5S_rRNA::OMKS01055076.1:172-282(-)
>5S_rRNA::OMKS01011601.1:25-137(+)
>5S_rRNA::OMKS01038462.1:54-165(-)
>5S_rRNA::OMKS01005355.1:1050-1150(-)
>5S_rRNA::OMKS01024999.1:261-373(+)
>5S_rRNA::OMKS01002464.1:11599-11709(-)
>5S_rRNA::OMKS01001242.1:22446-22557(-)
>5S_rRNA::OMKS01000235.1:49980-50091(+)
>5S_rRNA::OMKS01051079.1:1448-1560(-)
>5S_rRNA::OMKS01134407.1:22-133(+)
>5S_rRNA::OMKS01122495.1:358-467(+)
>5S_rRNA::OMKS01030538.1:15-125(-)
>5S_rRNA::OMKS01034392.1:255-365(-)
>5S_rRNA::OMKS01064469.1:406-517(+)
>5S_rRNA::OMKS01005774.1:3025-3129(-)
>5S_rRNA::OMKS01130046.1:573-684(+)
>5S_rRNA::OMKS01006918.1:5308-5415(+)
>5S_rRNA::OMKS01001026.1:444-554(+)
>5S_rRNA::OMKS01110451.1:243-359(-)
>5S_rRNA::OMKS01013909.1:587-702(+)
>5S_rRNA::OMKS01052220.1:834-949(+)
>5S_rRNA::OMKS01054352.1:696-807(-)
>5S_rRNA::OMKS01013232.1:4296-4408(-)
>5S_rRNA::OMKS01002572.1:5183-5293(-)
>5S_rRNA::OMKS01005689.1:7803-7913(+)
>5S_rRNA::OMKS01141761.1:554-663(-)
>5S_rRNA::OMKS01016156.1:151-262(-)
>5S_rRNA::OMKS01007192.1:4168-4278(+)
>5S_rRNA::OMKS01122474.1:437-538(+)
>5S_rRNA::OMKS01011408.1:5112-5222(+)
>5S_rRNA::OMKS01002565.1:8093-8199(+)
>5S_rRNA::OMKS01020313.1:498-615(+)
>5S_rRNA::OMKS01070535.1:1101-1182(+)
>5S_rRNA::OMKS01139395.1:397-509(+)
>5S_rRNA::OMKS01060467.1:131-240(-)
>5S_rRNA::OMKS01000104.1:55972-56076(-)
>5S_rRNA::OMKS01104738.1:271-374(-)
>5S_rRNA::OMKS01140577.1:118-226(-)
>5S_rRNA::OMKS01000105.1:11458-11576(-)
>5S_rRNA::OMKS01033325.1:9-119(-)
>5S_rRNA::OMKS01076186.1:987-1099(-)
>5S_rRNA::OMKS01004981.1:165-252(-)
>5S_rRNA::OMKS01151629.1:209-318(+)
>5S_rRNA::OMKS01018197.1:134-250(-)
>5S_rRNA::OMKS01008212.1:5698-5801(+)
>5S_rRNA::OMKS01022251.1:1671-1783(-)
>5S_rRNA::OMKS01012532.1:450-558(-)
>5S_rRNA::OMKS01018924.1:2562-2669(+)
>5S_rRNA::OMKS01104903.1:667-780(-)
>5S_rRNA::OMKS01035685.1:261-367(+)
>5S_rRNA::OMKS01187130.1:124-233(+)
>5S_rRNA::OMKS01121714.1:248-357(-)
>5S_rRNA::OMKS01028918.1:1650-1761(+)
>5S_rRNA::OMKS01008689.1:6379-6458(+)
>5S_rRNA::OMKS01208530.1:378-487(-)
>5S_rRNA::OMKS01074056.1:1074-1185(+)
>5S_rRNA::OMKS01040630.1:1276-1392(+)
>5S_rRNA::OMKS01161526.1:367-475(+)
>5S_rRNA::OMKS01003485.1:454-545(+)
>5S_rRNA::OMKS01202549.1:313-422(+)
>5S_rRNA::OMKS01022396.1:155-267(-)
>5S_rRNA::OMKS01188644.1:122-235(-)
>5S_rRNA::OMKS01076450.1:1014-1120(+)
>5S_rRNA::OMKS01008170.1:3218-3326(-)
>5S_rRNA::OMKS01000977.1:15939-16043(-)
>5S_rRNA::OMKS01016656.1:3152-3262(+)
>5S_rRNA::OMKS01013937.1:3302-3410(+)
>5S_rRNA::OMKS01038844.1:263-370(+)
>5S_rRNA::OMKS01010618.1:4253-4356(+)
>5S_rRNA::OMKS01187032.1:346-423(+)
>5S_rRNA::OMKS01199779.1:89-190(-)
>5S_rRNA::OMKS01002869.1:10545-10648(-)
>5S_rRNA::OMKS01074720.1:534-643(-)
>5S_rRNA::OMKS01005941.1:3920-4021(+)
>5S_rRNA::OMKS01045698.1:1110-1187(-)
>5S_rRNA::OMKS01101396.1:862-936(+)
>5S_rRNA::OMKS01011064.1:3696-3800(-)
>5S_rRNA::OMKS01010462.1:5356-5466(+)
>5S_rRNA::OMKS01046500.1:1122-1201(-)
>5S_rRNA::OMKS01004989.1:8948-9061(+)
>5S_rRNA::OMKS01128967.1:242-317(-)
>5S_rRNA::OMKS01173894.1:515-600(-)
>5S_rRNA::OMKS01210385.1:99-215(+)
>5S_rRNA::OMKS01167346.1:68-169(-)
>5S_rRNA::OMKS01001971.1:14651-14759(-)
>5S_rRNA::OMKS01002536.1:10026-10137(-)
>5_8S_rRNA::OMKS01013883.1:1081-1233(+)
>5_8S_rRNA::OMKS01029672.1:2161-2259(-)
>5_8S_rRNA::OMKS01075464.1:99-197(-)
